This is pdfTeX, Version 3.141592653-2.6-1.40.24 (TeX Live 2022) (preloaded format=pdflatex 2022.11.9)  9 NOV 2022 12:27
entering extended mode
 restricted \write18 enabled.
 file:line:error style messages enabled.
 %&-line parsing enabled.
**c:/Users/isch175/Desktop/Umschulung/Projektarbeit/ReklaTool_221025/Dokumentation/LaTex_Projekt/Projektdokumentation.tex
(c:/Users/isch175/Desktop/Umschulung/Projektarbeit/ReklaTool_221025/Dokumentation/LaTex_Projekt/Projektdokumentation.tex
LaTeX2e <2022-11-01>
L3 programming layer <2022-11-02> (c:/texlive/2022/texmf-dist/tex/latex/koma-script/scrartcl.cls
Document Class: scrartcl 2022/10/12 v3.38 KOMA-Script document class (article)
(c:/texlive/2022/texmf-dist/tex/latex/koma-script/scrkbase.sty
Package: scrkbase 2022/10/12 v3.38 KOMA-Script package (KOMA-Script-dependent basics and keyval usage)
 (c:/texlive/2022/texmf-dist/tex/latex/koma-script/scrbase.sty
Package: scrbase 2022/10/12 v3.38 KOMA-Script package (KOMA-Script-independent basics and keyval usage)
 (c:/texlive/2022/texmf-dist/tex/latex/koma-script/scrlfile.sty
Package: scrlfile 2022/10/12 v3.38 KOMA-Script package (file load hooks)
 (c:/texlive/2022/texmf-dist/tex/latex/koma-script/scrlfile-hook.sty
Package: scrlfile-hook 2022/10/12 v3.38 KOMA-Script package (using LaTeX hooks)
 (c:/texlive/2022/texmf-dist/tex/latex/koma-script/scrlogo.sty
Package: scrlogo 2022/10/12 v3.38 KOMA-Script package (logo)
))) (c:/texlive/2022/texmf-dist/tex/latex/graphics/keyval.sty
Package: keyval 2022/05/29 v1.15 key=value parser (DPC)
\KV@toks@=\toks16
)
Applying: [2021/05/01] Usage of raw or classic option list on input line 252.
Already applied: [0000/00/00] Usage of raw or classic option list on input line 368.
)) (c:/texlive/2022/texmf-dist/tex/latex/koma-script/tocbasic.sty
Package: tocbasic 2022/10/12 v3.38 KOMA-Script package (handling toc-files)
\scr@dte@tocline@numberwidth=\skip47
\scr@dte@tocline@numbox=\box51
)
Package tocbasic Info: omitting babel extension for `toc'
(tocbasic)             because of feature `nobabel' available
(tocbasic)             for `toc' on input line 135.
Package scrartcl Info: You've used standard option `11pt'.
(scrartcl)             This is correct!
(scrartcl)             Internally I'm using `fontsize=11pt'.
(scrartcl)             If you'd like to set the option with \KOMAoptions,
(scrartcl)             you'd have to use `fontsize=11pt' there
(scrartcl)             instead of `11pt', too.
Class scrartcl Info: File `scrsize11pt.clo' used to setup font sizes on input line 2367.
 (c:/texlive/2022/texmf-dist/tex/latex/koma-script/scrsize11pt.clo
File: scrsize11pt.clo 2022/10/12 v3.38 KOMA-Script font size class option (11pt)
) (c:/texlive/2022/texmf-dist/tex/latex/koma-script/typearea.sty
Package: typearea 2022/10/12 v3.38 KOMA-Script package (type area)
\ta@bcor=\skip48
\ta@div=\count185
\ta@hblk=\skip49
\ta@vblk=\skip50
\ta@temp=\skip51
\footheight=\skip52
Package typearea Info: These are the values describing the layout:
(typearea)             DIV  = 10
(typearea)             BCOR = 0.0pt
(typearea)             \paperwidth      = 597.50793pt
(typearea)              \textwidth      = 418.25555pt
(typearea)              DIV departure   = -6%
(typearea)              \evensidemargin = 17.3562pt
(typearea)              \oddsidemargin  = 17.3562pt
(typearea)             \paperheight     = 845.04694pt
(typearea)              \textheight     = 595.80026pt
(typearea)              \topmargin      = -25.16531pt
(typearea)              \headheight     = 17.0pt
(typearea)              \headsep        = 20.40001pt
(typearea)              \topskip        = 11.0pt
(typearea)              \footskip       = 47.6pt
(typearea)              \baselineskip   = 13.6pt
(typearea)              on input line 1767.
)
\c@part=\count186
\c@section=\count187
\c@subsection=\count188
\c@subsubsection=\count189
\c@paragraph=\count190
\c@subparagraph=\count191
\scr@dte@section@maxnumwidth=\skip53
Class scrartcl Info: using compatibility default `runin=bysign'
(scrartcl)           for `\section on input line 4994.
Class scrartcl Info: using compatibility default `afterindent=bysign'
(scrartcl)           for `\section on input line 4994.
\scr@dte@part@maxnumwidth=\skip54
Class scrartcl Info: using compatibility default `afterindent=false'
(scrartcl)           for `\part on input line 5002.
\scr@dte@subsection@maxnumwidth=\skip55
Class scrartcl Info: using compatibility default `runin=bysign'
(scrartcl)           for `\subsection on input line 5012.
Class scrartcl Info: using compatibility default `afterindent=bysign'
(scrartcl)           for `\subsection on input line 5012.
\scr@dte@subsubsection@maxnumwidth=\skip56
Class scrartcl Info: using compatibility default `runin=bysign'
(scrartcl)           for `\subsubsection on input line 5022.
Class scrartcl Info: using compatibility default `afterindent=bysign'
(scrartcl)           for `\subsubsection on input line 5022.
\scr@dte@paragraph@maxnumwidth=\skip57
Class scrartcl Info: using compatibility default `runin=bysign'
(scrartcl)           for `\paragraph on input line 5033.
Class scrartcl Info: using compatibility default `afterindent=bysign'
(scrartcl)           for `\paragraph on input line 5033.
\scr@dte@subparagraph@maxnumwidth=\skip58
Class scrartcl Info: using compatibility default `runin=bysign'
(scrartcl)           for `\subparagraph on input line 5043.
Class scrartcl Info: using compatibility default `afterindent=bysign'
(scrartcl)           for `\subparagraph on input line 5043.
\abovecaptionskip=\skip59
\belowcaptionskip=\skip60
\c@pti@nb@sid@b@x=\box52
Package tocbasic Info: omitting babel extension for `lof'
(tocbasic)             because of feature `nobabel' available
(tocbasic)             for `lof' on input line 6211.
\scr@dte@figure@maxnumwidth=\skip61
\c@figure=\count192
Package tocbasic Info: omitting babel extension for `lot'
(tocbasic)             because of feature `nobabel' available
(tocbasic)             for `lot' on input line 6227.
\scr@dte@table@maxnumwidth=\skip62
\c@table=\count193
Class scrartcl Info: Redefining `\numberline' on input line 6397.
\bibindent=\dimen140
) (c:/texlive/2022/texmf-dist/tex/latex/base/inputenc.sty
Package: inputenc 2021/02/14 v1.3d Input encoding file
\inpenc@prehook=\toks17
\inpenc@posthook=\toks18
) (./Meta.tex) (./Allgemein/Packages.tex (c:/texlive/2022/texmf-dist/tex/generic/babel/babel.sty
Package: babel 2022/10/23 3.82 The Babel package
\babel@savecnt=\count194
\U@D=\dimen141
\l@unhyphenated=\language87
 (c:/texlive/2022/texmf-dist/tex/generic/babel/txtbabel.def)
\bbl@readstream=\read2
\bbl@dirlevel=\count195
 (c:/texlive/2022/texmf-dist/tex/generic/babel-german/ngerman.ldf
Language: ngerman 2021/02/27 v2.13 German support for babel (post-1996 orthography)
 (c:/texlive/2022/texmf-dist/tex/generic/babel-german/ngermanb.ldf
Language: ngermanb 2021/02/27 v2.13 German support for babel (post-1996 orthography)
Package babel Info: Making " an active character on input line 122.
))) (c:/texlive/2022/texmf-dist/tex/generic/babel/locale/de/babel-ngerman.tex
Package babel Info: Importing font and identification data for ngerman
(babel)             from babel-de.ini. Reported on input line 11.
) (c:/texlive/2022/texmf-dist/tex/latex/base/fontenc.sty
Package: fontenc 2021/04/29 v2.0v Standard LaTeX package
) (c:/texlive/2022/texmf-dist/tex/latex/base/textcomp.sty
Package: textcomp 2020/02/02 v2.0n Standard LaTeX package
) (c:/texlive/2022/texmf-dist/tex/latex/lm/lmodern.sty
Package: lmodern 2015/05/01 v1.6.1 Latin Modern Fonts
LaTeX Font Info:    Overwriting symbol font `operators' in version `normal'
(Font)                  OT1/cmr/m/n --> OT1/lmr/m/n on input line 22.
LaTeX Font Info:    Overwriting symbol font `letters' in version `normal'
(Font)                  OML/cmm/m/it --> OML/lmm/m/it on input line 23.
LaTeX Font Info:    Overwriting symbol font `symbols' in version `normal'
(Font)                  OMS/cmsy/m/n --> OMS/lmsy/m/n on input line 24.
LaTeX Font Info:    Overwriting symbol font `largesymbols' in version `normal'
(Font)                  OMX/cmex/m/n --> OMX/lmex/m/n on input line 25.
LaTeX Font Info:    Overwriting symbol font `operators' in version `bold'
(Font)                  OT1/cmr/bx/n --> OT1/lmr/bx/n on input line 26.
LaTeX Font Info:    Overwriting symbol font `letters' in version `bold'
(Font)                  OML/cmm/b/it --> OML/lmm/b/it on input line 27.
LaTeX Font Info:    Overwriting symbol font `symbols' in version `bold'
(Font)                  OMS/cmsy/b/n --> OMS/lmsy/b/n on input line 28.
LaTeX Font Info:    Overwriting symbol font `largesymbols' in version `bold'
(Font)                  OMX/cmex/m/n --> OMX/lmex/m/n on input line 29.
LaTeX Font Info:    Overwriting math alphabet `\mathbf' in version `normal'
(Font)                  OT1/cmr/bx/n --> OT1/lmr/bx/n on input line 31.
LaTeX Font Info:    Overwriting math alphabet `\mathsf' in version `normal'
(Font)                  OT1/cmss/m/n --> OT1/lmss/m/n on input line 32.
LaTeX Font Info:    Overwriting math alphabet `\mathit' in version `normal'
(Font)                  OT1/cmr/m/it --> OT1/lmr/m/it on input line 33.
LaTeX Font Info:    Overwriting math alphabet `\mathtt' in version `normal'
(Font)                  OT1/cmtt/m/n --> OT1/lmtt/m/n on input line 34.
LaTeX Font Info:    Overwriting math alphabet `\mathbf' in version `bold'
(Font)                  OT1/cmr/bx/n --> OT1/lmr/bx/n on input line 35.
LaTeX Font Info:    Overwriting math alphabet `\mathsf' in version `bold'
(Font)                  OT1/cmss/bx/n --> OT1/lmss/bx/n on input line 36.
LaTeX Font Info:    Overwriting math alphabet `\mathit' in version `bold'
(Font)                  OT1/cmr/bx/it --> OT1/lmr/bx/it on input line 37.
LaTeX Font Info:    Overwriting math alphabet `\mathtt' in version `bold'
(Font)                  OT1/cmtt/m/n --> OT1/lmtt/m/n on input line 38.
) (c:/texlive/2022/texmf-dist/tex/latex/relsize/relsize.sty
Package: relsize 2013/03/29 ver 4.1
) (c:/texlive/2022/texmf-dist/tex/latex/tools/tabularx.sty
Package: tabularx 2020/01/15 v2.11c `tabularx' package (DPC)
 (c:/texlive/2022/texmf-dist/tex/latex/tools/array.sty
Package: array 2022/09/04 v2.5g Tabular extension package (FMi)
\col@sep=\dimen142
\ar@mcellbox=\box53
\extrarowheight=\dimen143
\NC@list=\toks19
\extratabsurround=\skip63
\backup@length=\skip64
\ar@cellbox=\box54
)
\TX@col@width=\dimen144
\TX@old@table=\dimen145
\TX@old@col=\dimen146
\TX@target=\dimen147
\TX@delta=\dimen148
\TX@cols=\count196
\TX@ftn=\toks20
) (c:/texlive/2022/texmf-dist/tex/latex/booktabs/booktabs.sty
Package: booktabs 2020/01/12 v1.61803398 Publication quality tables
\heavyrulewidth=\dimen149
\lightrulewidth=\dimen150
\cmidrulewidth=\dimen151
\belowrulesep=\dimen152
\belowbottomsep=\dimen153
\aboverulesep=\dimen154
\abovetopsep=\dimen155
\cmidrulesep=\dimen156
\cmidrulekern=\dimen157
\defaultaddspace=\dimen158
\@cmidla=\count197
\@cmidlb=\count198
\@aboverulesep=\dimen159
\@belowrulesep=\dimen160
\@thisruleclass=\count199
\@lastruleclass=\count266
\@thisrulewidth=\dimen161
) (c:/texlive/2022/texmf-dist/tex/latex/tools/longtable.sty
Package: longtable 2021-09-01 v4.17 Multi-page Table package (DPC)
\LTleft=\skip65
\LTright=\skip66
\LTpre=\skip67
\LTpost=\skip68
\LTchunksize=\count267
\LTcapwidth=\dimen162
\LT@head=\box55
\LT@firsthead=\box56
\LT@foot=\box57
\LT@lastfoot=\box58
\LT@gbox=\box59
\LT@cols=\count268
\LT@rows=\count269
\c@LT@tables=\count270
\c@LT@chunks=\count271
\LT@p@ftn=\toks21
)
Class scrartcl Info: longtable captions redefined on input line 23.
 (c:/texlive/2022/texmf-dist/tex/latex/ragged2e/ragged2e.sty
Package: ragged2e 2021/12/15 v3.1 ragged2e Package
\CenteringLeftskip=\skip69
\RaggedLeftLeftskip=\skip70
\RaggedRightLeftskip=\skip71
\CenteringRightskip=\skip72
\RaggedLeftRightskip=\skip73
\RaggedRightRightskip=\skip74
\CenteringParfillskip=\skip75
\RaggedLeftParfillskip=\skip76
\RaggedRightParfillskip=\skip77
\JustifyingParfillskip=\skip78
\CenteringParindent=\skip79
\RaggedLeftParindent=\skip80
\RaggedRightParindent=\skip81
\JustifyingParindent=\skip82
) (c:/texlive/2022/texmf-dist/tex/latex/graphics/lscape.sty
Package: lscape 2020/05/28 v3.02 Landscape Pages (DPC)
 (c:/texlive/2022/texmf-dist/tex/latex/graphics/graphics.sty
Package: graphics 2022/03/10 v1.4e Standard LaTeX Graphics (DPC,SPQR)
 (c:/texlive/2022/texmf-dist/tex/latex/graphics/trig.sty
Package: trig 2021/08/11 v1.11 sin cos tan (DPC)
) (c:/texlive/2022/texmf-dist/tex/latex/graphics-cfg/graphics.cfg
File: graphics.cfg 2016/06/04 v1.11 sample graphics configuration
)
Package graphics Info: Driver file: pdftex.def on input line 107.
 (c:/texlive/2022/texmf-dist/tex/latex/graphics-def/pdftex.def
File: pdftex.def 2022/09/22 v1.2b Graphics/color driver for pdftex
)))

Package array Warning: Column w is already defined on input line 26.

(c:/texlive/2022/texmf-dist/tex/latex/graphics/graphicx.sty
Package: graphicx 2021/09/16 v1.2d Enhanced LaTeX Graphics (DPC,SPQR)
\Gin@req@height=\dimen163
\Gin@req@width=\dimen164
) (c:/texlive/2022/texmf-dist/tex/latex/floatflt/floatflt.sty
Package: floatflt 1997/07/16 v. 1.31
\c@OptionTest=\count272
\figbox=\box60
\tabbox=\box61
\pagebox=\box62
\ffigcount=\count273
\ftabcount=\count274
\fftest=\count275
\hangcount=\count276
\nosuccesstryfig=\count277
\nosuccesstrytab=\count278
\figgutter=\dimen165
\tabgutter=\dimen166
\htdone=\dimen167
\pageht=\dimen168
\startpageht=\dimen169
\tabbredd=\dimen170
\floatfltwidth=\dimen171
\fltitemwidth=\dimen172
\outputpretest=\toks22
)

Class scrartcl Warning: Usage of package `tocloft' together
(scrartcl)              with a KOMA-Script class is not recommended.
(scrartcl)              I'd suggest to use options like `listof=entryprefix',
(scrartcl)              commands like `\listoflofentryname' or
(scrartcl)              `\listoflotentryname', and `\DeclareTOCStyleEntry' or
(scrartcl)              `\RedeclareSectionCommand' instead of this package,
(scrartcl)              because it breaks several KOMA-Script features of
(scrartcl)              the list of figures, list of tables and table of
(scrartcl)              contents, i.e., options like `listof=numbered',
(scrartcl)              `listof=flat or `toc=flat', commands like
(scrartcl)              `\BeforeTOCHead{...}' and `\AfterTOCHead{...}',
(scrartcl)              `\BeforeStartingTOC{...}' and \AfterStartingTOC{...}',
(scrartcl)              all features of `\DeclareTOCStyleEntry',
(scrartcl)              and the ToC entry features of `\DeclareSecionCommand'
(scrartcl)              and `\RedeclareSectionCommand' of levels
(scrartcl)              `part', `chapter', `section', `subsection',
(scrartcl)              `subsubsection', `paragraph' and `subparagraph'.
(scrartcl)              Nevertheless, using requested
(scrartcl)              package `tocloft' on input line 36.

(c:/texlive/2022/texmf-dist/tex/latex/tocloft/tocloft.sty
Package: tocloft 2017/08/31 v2.3i parameterised ToC, etc., typesetting
Package tocloft Info: The document has section divisions on input line 51.
\cftparskip=\skip83
\cftbeforetoctitleskip=\skip84
\cftaftertoctitleskip=\skip85
\cftbeforepartskip=\skip86
\cftpartnumwidth=\skip87
\cftpartindent=\skip88
\cftbeforesecskip=\skip89
\cftsecindent=\skip90
\cftsecnumwidth=\skip91
\cftbeforesubsecskip=\skip92
\cftsubsecindent=\skip93
\cftsubsecnumwidth=\skip94
\cftbeforesubsubsecskip=\skip95
\cftsubsubsecindent=\skip96
\cftsubsubsecnumwidth=\skip97
\cftbeforeparaskip=\skip98
\cftparaindent=\skip99
\cftparanumwidth=\skip100
\cftbeforesubparaskip=\skip101
\cftsubparaindent=\skip102
\cftsubparanumwidth=\skip103
\cftbeforeloftitleskip=\skip104
\cftafterloftitleskip=\skip105
\cftbeforefigskip=\skip106
\cftfigindent=\skip107
\cftfignumwidth=\skip108
\c@lofdepth=\count279
\c@lotdepth=\count280
\cftbeforelottitleskip=\skip109
\cftafterlottitleskip=\skip110
\cftbeforetabskip=\skip111
\cfttabindent=\skip112
\cfttabnumwidth=\skip113
) (c:/texlive/2022/texmf-dist/tex/latex/amsmath/amsmath.sty
Package: amsmath 2022/04/08 v2.17n AMS math features
\@mathmargin=\skip114

For additional information on amsmath, use the `?' option.
(c:/texlive/2022/texmf-dist/tex/latex/amsmath/amstext.sty
Package: amstext 2021/08/26 v2.01 AMS text
 (c:/texlive/2022/texmf-dist/tex/latex/amsmath/amsgen.sty
File: amsgen.sty 1999/11/30 v2.0 generic functions
\@emptytoks=\toks23
\ex@=\dimen173
)) (c:/texlive/2022/texmf-dist/tex/latex/amsmath/amsbsy.sty
Package: amsbsy 1999/11/29 v1.2d Bold Symbols
\pmbraise@=\dimen174
) (c:/texlive/2022/texmf-dist/tex/latex/amsmath/amsopn.sty
Package: amsopn 2022/04/08 v2.04 operator names
)
\inf@bad=\count281
LaTeX Info: Redefining \frac on input line 234.
\uproot@=\count282
\leftroot@=\count283
LaTeX Info: Redefining \overline on input line 399.
LaTeX Info: Redefining \colon on input line 410.
\classnum@=\count284
\DOTSCASE@=\count285
LaTeX Info: Redefining \ldots on input line 496.
LaTeX Info: Redefining \dots on input line 499.
LaTeX Info: Redefining \cdots on input line 620.
\Mathstrutbox@=\box63
\strutbox@=\box64
LaTeX Info: Redefining \big on input line 722.
LaTeX Info: Redefining \Big on input line 723.
LaTeX Info: Redefining \bigg on input line 724.
LaTeX Info: Redefining \Bigg on input line 725.
\big@size=\dimen175
LaTeX Font Info:    Redeclaring font encoding OML on input line 743.
LaTeX Font Info:    Redeclaring font encoding OMS on input line 744.
\macc@depth=\count286
LaTeX Info: Redefining \bmod on input line 905.
LaTeX Info: Redefining \pmod on input line 910.
LaTeX Info: Redefining \smash on input line 940.
LaTeX Info: Redefining \relbar on input line 970.
LaTeX Info: Redefining \Relbar on input line 971.
\c@MaxMatrixCols=\count287
\dotsspace@=\muskip16
\c@parentequation=\count288
\dspbrk@lvl=\count289
\tag@help=\toks24
\row@=\count290
\column@=\count291
\maxfields@=\count292
\andhelp@=\toks25
\eqnshift@=\dimen176
\alignsep@=\dimen177
\tagshift@=\dimen178
\tagwidth@=\dimen179
\totwidth@=\dimen180
\lineht@=\dimen181
\@envbody=\toks26
\multlinegap=\skip115
\multlinetaggap=\skip116
\mathdisplay@stack=\toks27
LaTeX Info: Redefining \[ on input line 2953.
LaTeX Info: Redefining \] on input line 2954.
) (c:/texlive/2022/texmf-dist/tex/latex/amsfonts/amsfonts.sty
Package: amsfonts 2013/01/14 v3.01 Basic AMSFonts support
\symAMSa=\mathgroup4
\symAMSb=\mathgroup5
LaTeX Font Info:    Redeclaring math symbol \hbar on input line 98.
LaTeX Font Info:    Overwriting math alphabet `\mathfrak' in version `bold'
(Font)                  U/euf/m/n --> U/euf/b/n on input line 106.
) (c:/texlive/2022/texmf-dist/tex/latex/enumitem/enumitem.sty
Package: enumitem 2019/06/20 v3.9 Customized lists
\labelindent=\skip117
\enit@outerparindent=\dimen182
\enit@toks=\toks28
\enit@inbox=\box65
\enit@count@id=\count293
\enitdp@description=\count294
) (c:/texlive/2022/texmf-dist/tex/latex/tools/xspace.sty
Package: xspace 2014/10/28 v1.13 Space after command names (DPC,MH)
) (c:/texlive/2022/texmf-dist/tex/latex/base/makeidx.sty
Package: makeidx 2021/10/04 v1.0m Standard LaTeX package
) (c:/texlive/2022/texmf-dist/tex/latex/acronym/acronym.sty
Package: acronym 2020/04/17 v1.47 Support for acronyms (Tobias Oetiker)
 (c:/texlive/2022/texmf-dist/tex/latex/bigfoot/suffix.sty
Package: suffix 2006/07/15 1.5a Variant command support
) (c:/texlive/2022/texmf-dist/tex/generic/xstring/xstring.sty (c:/texlive/2022/texmf-dist/tex/generic/xstring/xstring.tex
\integerpart=\count295
\decimalpart=\count296
)
Package: xstring 2021/07/21 v1.84 String manipulations (CT)
)
\AC@clearlist=\toks29
) (c:/texlive/2022/texmf-dist/tex/latex/setspace/setspace.sty
Package: setspace 2011/12/19 v6.7a set line spacing
) (c:/texlive/2022/texmf-dist/tex/latex/geometry/geometry.sty
Package: geometry 2020/01/02 v5.9 Page Geometry
 (c:/texlive/2022/texmf-dist/tex/generic/iftex/ifvtex.sty
Package: ifvtex 2019/10/25 v1.7 ifvtex legacy package. Use iftex instead.
 (c:/texlive/2022/texmf-dist/tex/generic/iftex/iftex.sty
Package: iftex 2022/02/03 v1.0f TeX engine tests
))
\Gm@cnth=\count297
\Gm@cntv=\count298
\c@Gm@tempcnt=\count299
\Gm@bindingoffset=\dimen183
\Gm@wd@mp=\dimen184
\Gm@odd@mp=\dimen185
\Gm@even@mp=\dimen186
\Gm@layoutwidth=\dimen187
\Gm@layoutheight=\dimen188
\Gm@layouthoffset=\dimen189
\Gm@layoutvoffset=\dimen190
\Gm@dimlist=\toks30
) (c:/texlive/2022/texmf-dist/tex/latex/nomencl/nomencl.sty
Package: nomencl 2021/11/10 v5.6 Nomenclature package
 (c:/texlive/2022/texmf-dist/tex/latex/xkeyval/xkeyval.sty
Package: xkeyval 2022/06/16 v2.9 package option processing (HA)
 (c:/texlive/2022/texmf-dist/tex/generic/xkeyval/xkeyval.tex (c:/texlive/2022/texmf-dist/tex/generic/xkeyval/xkvutils.tex
\XKV@toks=\toks31
\XKV@tempa@toks=\toks32
)
\XKV@depth=\count300
File: xkeyval.tex 2014/12/03 v2.7a key=value parser (HA)
)) (c:/texlive/2022/texmf-dist/tex/latex/base/ifthen.sty
Package: ifthen 2022/04/13 v1.1d Standard LaTeX ifthen package (DPC)
)
Package tocbasic Info: setting babel extension for `nlo' on input line 187.
Package tocbasic Info: setting babel extension for `nls' on input line 188.
\nomlabelwidth=\dimen191
\nom@tempdim=\dimen192
\nomitemsep=\skip118
) (c:/texlive/2022/texmf-dist/tex/latex/tools/varioref.sty
Package: varioref 2022/01/09 v1.6f package for extended references (FMi)
\c@vrcnt=\count301
) (c:/texlive/2022/texmf-dist/tex/latex/url/url.sty
\Urlmuskip=\muskip17
Package: url 2013/09/16  ver 3.4  Verb mode for urls, etc.
) (c:/texlive/2022/texmf-dist/tex/latex/chngcntr/chngcntr.sty
Package: chngcntr 2018/04/09 v1.1a change counter resetting
Package chngcntr Info: \counterwithout already defined.
(chngcntr)             Quitting chngcntr on input line 21.
) (c:/texlive/2022/texmf-dist/tex/latex/todonotes/todonotes.sty
Package: todonotes 2021/06/04 v1.1.5 Todonotes source and documentation.
Package: todonotes 2021/06/04
 (c:/texlive/2022/texmf-dist/tex/latex/xcolor/xcolor.sty
Package: xcolor 2022/06/12 v2.14 LaTeX color extensions (UK)
 (c:/texlive/2022/texmf-dist/tex/latex/graphics-cfg/color.cfg
File: color.cfg 2016/01/02 v1.6 sample color configuration
)
Package xcolor Info: Driver file: pdftex.def on input line 227.
 (c:/texlive/2022/texmf-dist/tex/latex/colortbl/colortbl.sty
Package: colortbl 2022/06/20 v1.0f Color table columns (DPC)
\everycr=\toks33
\minrowclearance=\skip119
\rownum=\count302
) (c:/texlive/2022/texmf-dist/tex/latex/graphics/mathcolor.ltx)
Package xcolor Info: Model `cmy' substituted by `cmy0' on input line 1353.
Package xcolor Info: Model `hsb' substituted by `rgb' on input line 1357.
Package xcolor Info: Model `RGB' extended on input line 1369.
Package xcolor Info: Model `HTML' substituted by `rgb' on input line 1371.
Package xcolor Info: Model `Hsb' substituted by `hsb' on input line 1372.
Package xcolor Info: Model `tHsb' substituted by `hsb' on input line 1373.
Package xcolor Info: Model `HSB' substituted by `hsb' on input line 1374.
Package xcolor Info: Model `Gray' substituted by `gray' on input line 1375.
Package xcolor Info: Model `wave' substituted by `hsb' on input line 1376.
) (c:/texlive/2022/texmf-dist/tex/latex/pgf/frontendlayer/tikz.sty (c:/texlive/2022/texmf-dist/tex/latex/pgf/basiclayer/pgf.sty (c:/texlive/2022/texmf-dist/tex/latex/pgf/utilities/pgfrcs.sty (c:/texlive/2022/texmf-dist/tex/generic/pgf/utilities/pgfutil-common.tex
\pgfutil@everybye=\toks34
\pgfutil@tempdima=\dimen193
\pgfutil@tempdimb=\dimen194
 (c:/texlive/2022/texmf-dist/tex/generic/pgf/utilities/pgfutil-common-lists.tex)) (c:/texlive/2022/texmf-dist/tex/generic/pgf/utilities/pgfutil-latex.def
\pgfutil@abb=\box66
) (c:/texlive/2022/texmf-dist/tex/generic/pgf/utilities/pgfrcs.code.tex (c:/texlive/2022/texmf-dist/tex/generic/pgf/pgf.revision.tex)
Package: pgfrcs 2021/05/15 v3.1.9a (3.1.9a)
))
Package: pgf 2021/05/15 v3.1.9a (3.1.9a)
 (c:/texlive/2022/texmf-dist/tex/latex/pgf/basiclayer/pgfcore.sty (c:/texlive/2022/texmf-dist/tex/latex/pgf/systemlayer/pgfsys.sty (c:/texlive/2022/texmf-dist/tex/generic/pgf/systemlayer/pgfsys.code.tex
Package: pgfsys 2021/05/15 v3.1.9a (3.1.9a)
 (c:/texlive/2022/texmf-dist/tex/generic/pgf/utilities/pgfkeys.code.tex
\pgfkeys@pathtoks=\toks35
\pgfkeys@temptoks=\toks36
 (c:/texlive/2022/texmf-dist/tex/generic/pgf/utilities/pgfkeysfiltered.code.tex
\pgfkeys@tmptoks=\toks37
))
\pgf@x=\dimen195
\pgf@y=\dimen196
\pgf@xa=\dimen197
\pgf@ya=\dimen198
\pgf@xb=\dimen199
\pgf@yb=\dimen256
\pgf@xc=\dimen257
\pgf@yc=\dimen258
\pgf@xd=\dimen259
\pgf@yd=\dimen260
\w@pgf@writea=\write3
\r@pgf@reada=\read3
\c@pgf@counta=\count303
\c@pgf@countb=\count304
\c@pgf@countc=\count305
\c@pgf@countd=\count306
\t@pgf@toka=\toks38
\t@pgf@tokb=\toks39
\t@pgf@tokc=\toks40
\pgf@sys@id@count=\count307
 (c:/texlive/2022/texmf-dist/tex/generic/pgf/systemlayer/pgf.cfg
File: pgf.cfg 2021/05/15 v3.1.9a (3.1.9a)
)
Driver file for pgf: pgfsys-pdftex.def
 (c:/texlive/2022/texmf-dist/tex/generic/pgf/systemlayer/pgfsys-pdftex.def
File: pgfsys-pdftex.def 2021/05/15 v3.1.9a (3.1.9a)
 (c:/texlive/2022/texmf-dist/tex/generic/pgf/systemlayer/pgfsys-common-pdf.def
File: pgfsys-common-pdf.def 2021/05/15 v3.1.9a (3.1.9a)
))) (c:/texlive/2022/texmf-dist/tex/generic/pgf/systemlayer/pgfsyssoftpath.code.tex
File: pgfsyssoftpath.code.tex 2021/05/15 v3.1.9a (3.1.9a)
\pgfsyssoftpath@smallbuffer@items=\count308
\pgfsyssoftpath@bigbuffer@items=\count309
) (c:/texlive/2022/texmf-dist/tex/generic/pgf/systemlayer/pgfsysprotocol.code.tex
File: pgfsysprotocol.code.tex 2021/05/15 v3.1.9a (3.1.9a)
)) (c:/texlive/2022/texmf-dist/tex/generic/pgf/basiclayer/pgfcore.code.tex
Package: pgfcore 2021/05/15 v3.1.9a (3.1.9a)
 (c:/texlive/2022/texmf-dist/tex/generic/pgf/math/pgfmath.code.tex (c:/texlive/2022/texmf-dist/tex/generic/pgf/math/pgfmathcalc.code.tex (c:/texlive/2022/texmf-dist/tex/generic/pgf/math/pgfmathutil.code.tex) (c:/texlive/2022/texmf-dist/tex/generic/pgf/math/pgfmathparser.code.tex
\pgfmath@dimen=\dimen261
\pgfmath@count=\count310
\pgfmath@box=\box67
\pgfmath@toks=\toks41
\pgfmath@stack@operand=\toks42
\pgfmath@stack@operation=\toks43
) (c:/texlive/2022/texmf-dist/tex/generic/pgf/math/pgfmathfunctions.code.tex (c:/texlive/2022/texmf-dist/tex/generic/pgf/math/pgfmathfunctions.basic.code.tex) (c:/texlive/2022/texmf-dist/tex/generic/pgf/math/pgfmathfunctions.trigonometric.code.tex) (c:/texlive/2022/texmf-dist/tex/generic/pgf/math/pgfmathfunctions.random.code.tex) (c:/texlive/2022/texmf-dist/tex/generic/pgf/math/pgfmathfunctions.comparison.code.tex) (c:/texlive/2022/texmf-dist/tex/generic/pgf/math/pgfmathfunctions.base.code.tex) (c:/texlive/2022/texmf-dist/tex/generic/pgf/math/pgfmathfunctions.round.code.tex) (c:/texlive/2022/texmf-dist/tex/generic/pgf/math/pgfmathfunctions.misc.code.tex) (c:/texlive/2022/texmf-dist/tex/generic/pgf/math/pgfmathfunctions.integerarithmetics.code.tex))) (c:/texlive/2022/texmf-dist/tex/generic/pgf/math/pgfmathfloat.code.tex
\c@pgfmathroundto@lastzeros=\count311
)) (c:/texlive/2022/texmf-dist/tex/generic/pgf/math/pgfint.code.tex) (c:/texlive/2022/texmf-dist/tex/generic/pgf/basiclayer/pgfcorepoints.code.tex
File: pgfcorepoints.code.tex 2021/05/15 v3.1.9a (3.1.9a)
\pgf@picminx=\dimen262
\pgf@picmaxx=\dimen263
\pgf@picminy=\dimen264
\pgf@picmaxy=\dimen265
\pgf@pathminx=\dimen266
\pgf@pathmaxx=\dimen267
\pgf@pathminy=\dimen268
\pgf@pathmaxy=\dimen269
\pgf@xx=\dimen270
\pgf@xy=\dimen271
\pgf@yx=\dimen272
\pgf@yy=\dimen273
\pgf@zx=\dimen274
\pgf@zy=\dimen275
) (c:/texlive/2022/texmf-dist/tex/generic/pgf/basiclayer/pgfcorepathconstruct.code.tex
File: pgfcorepathconstruct.code.tex 2021/05/15 v3.1.9a (3.1.9a)
\pgf@path@lastx=\dimen276
\pgf@path@lasty=\dimen277
) (c:/texlive/2022/texmf-dist/tex/generic/pgf/basiclayer/pgfcorepathusage.code.tex
File: pgfcorepathusage.code.tex 2021/05/15 v3.1.9a (3.1.9a)
\pgf@shorten@end@additional=\dimen278
\pgf@shorten@start@additional=\dimen279
) (c:/texlive/2022/texmf-dist/tex/generic/pgf/basiclayer/pgfcorescopes.code.tex
File: pgfcorescopes.code.tex 2021/05/15 v3.1.9a (3.1.9a)
\pgfpic=\box68
\pgf@hbox=\box69
\pgf@layerbox@main=\box70
\pgf@picture@serial@count=\count312
) (c:/texlive/2022/texmf-dist/tex/generic/pgf/basiclayer/pgfcoregraphicstate.code.tex
File: pgfcoregraphicstate.code.tex 2021/05/15 v3.1.9a (3.1.9a)
\pgflinewidth=\dimen280
) (c:/texlive/2022/texmf-dist/tex/generic/pgf/basiclayer/pgfcoretransformations.code.tex
File: pgfcoretransformations.code.tex 2021/05/15 v3.1.9a (3.1.9a)
\pgf@pt@x=\dimen281
\pgf@pt@y=\dimen282
\pgf@pt@temp=\dimen283
) (c:/texlive/2022/texmf-dist/tex/generic/pgf/basiclayer/pgfcorequick.code.tex
File: pgfcorequick.code.tex 2021/05/15 v3.1.9a (3.1.9a)
) (c:/texlive/2022/texmf-dist/tex/generic/pgf/basiclayer/pgfcoreobjects.code.tex
File: pgfcoreobjects.code.tex 2021/05/15 v3.1.9a (3.1.9a)
) (c:/texlive/2022/texmf-dist/tex/generic/pgf/basiclayer/pgfcorepathprocessing.code.tex
File: pgfcorepathprocessing.code.tex 2021/05/15 v3.1.9a (3.1.9a)
) (c:/texlive/2022/texmf-dist/tex/generic/pgf/basiclayer/pgfcorearrows.code.tex
File: pgfcorearrows.code.tex 2021/05/15 v3.1.9a (3.1.9a)
\pgfarrowsep=\dimen284
) (c:/texlive/2022/texmf-dist/tex/generic/pgf/basiclayer/pgfcoreshade.code.tex
File: pgfcoreshade.code.tex 2021/05/15 v3.1.9a (3.1.9a)
\pgf@max=\dimen285
\pgf@sys@shading@range@num=\count313
\pgf@shadingcount=\count314
) (c:/texlive/2022/texmf-dist/tex/generic/pgf/basiclayer/pgfcoreimage.code.tex
File: pgfcoreimage.code.tex 2021/05/15 v3.1.9a (3.1.9a)
 (c:/texlive/2022/texmf-dist/tex/generic/pgf/basiclayer/pgfcoreexternal.code.tex
File: pgfcoreexternal.code.tex 2021/05/15 v3.1.9a (3.1.9a)
\pgfexternal@startupbox=\box71
)) (c:/texlive/2022/texmf-dist/tex/generic/pgf/basiclayer/pgfcorelayers.code.tex
File: pgfcorelayers.code.tex 2021/05/15 v3.1.9a (3.1.9a)
) (c:/texlive/2022/texmf-dist/tex/generic/pgf/basiclayer/pgfcoretransparency.code.tex
File: pgfcoretransparency.code.tex 2021/05/15 v3.1.9a (3.1.9a)
) (c:/texlive/2022/texmf-dist/tex/generic/pgf/basiclayer/pgfcorepatterns.code.tex
File: pgfcorepatterns.code.tex 2021/05/15 v3.1.9a (3.1.9a)
) (c:/texlive/2022/texmf-dist/tex/generic/pgf/basiclayer/pgfcorerdf.code.tex
File: pgfcorerdf.code.tex 2021/05/15 v3.1.9a (3.1.9a)
))) (c:/texlive/2022/texmf-dist/tex/generic/pgf/modules/pgfmoduleshapes.code.tex
File: pgfmoduleshapes.code.tex 2021/05/15 v3.1.9a (3.1.9a)
\pgfnodeparttextbox=\box72
) (c:/texlive/2022/texmf-dist/tex/generic/pgf/modules/pgfmoduleplot.code.tex
File: pgfmoduleplot.code.tex 2021/05/15 v3.1.9a (3.1.9a)
) (c:/texlive/2022/texmf-dist/tex/latex/pgf/compatibility/pgfcomp-version-0-65.sty
Package: pgfcomp-version-0-65 2021/05/15 v3.1.9a (3.1.9a)
\pgf@nodesepstart=\dimen286
\pgf@nodesepend=\dimen287
) (c:/texlive/2022/texmf-dist/tex/latex/pgf/compatibility/pgfcomp-version-1-18.sty
Package: pgfcomp-version-1-18 2021/05/15 v3.1.9a (3.1.9a)
)) (c:/texlive/2022/texmf-dist/tex/latex/pgf/utilities/pgffor.sty (c:/texlive/2022/texmf-dist/tex/latex/pgf/utilities/pgfkeys.sty (c:/texlive/2022/texmf-dist/tex/generic/pgf/utilities/pgfkeys.code.tex)) (c:/texlive/2022/texmf-dist/tex/latex/pgf/math/pgfmath.sty (c:/texlive/2022/texmf-dist/tex/generic/pgf/math/pgfmath.code.tex)) (c:/texlive/2022/texmf-dist/tex/generic/pgf/utilities/pgffor.code.tex
Package: pgffor 2021/05/15 v3.1.9a (3.1.9a)
 (c:/texlive/2022/texmf-dist/tex/generic/pgf/math/pgfmath.code.tex)
\pgffor@iter=\dimen288
\pgffor@skip=\dimen289
\pgffor@stack=\toks44
\pgffor@toks=\toks45
)) (c:/texlive/2022/texmf-dist/tex/generic/pgf/frontendlayer/tikz/tikz.code.tex
Package: tikz 2021/05/15 v3.1.9a (3.1.9a)
 (c:/texlive/2022/texmf-dist/tex/generic/pgf/libraries/pgflibraryplothandlers.code.tex
File: pgflibraryplothandlers.code.tex 2021/05/15 v3.1.9a (3.1.9a)
\pgf@plot@mark@count=\count315
\pgfplotmarksize=\dimen290
)
\tikz@lastx=\dimen291
\tikz@lasty=\dimen292
\tikz@lastxsaved=\dimen293
\tikz@lastysaved=\dimen294
\tikz@lastmovetox=\dimen295
\tikz@lastmovetoy=\dimen296
\tikzleveldistance=\dimen297
\tikzsiblingdistance=\dimen298
\tikz@figbox=\box73
\tikz@figbox@bg=\box74
\tikz@tempbox=\box75
\tikz@tempbox@bg=\box76
\tikztreelevel=\count316
\tikznumberofchildren=\count317
\tikznumberofcurrentchild=\count318
\tikz@fig@count=\count319
 (c:/texlive/2022/texmf-dist/tex/generic/pgf/modules/pgfmodulematrix.code.tex
File: pgfmodulematrix.code.tex 2021/05/15 v3.1.9a (3.1.9a)
\pgfmatrixcurrentrow=\count320
\pgfmatrixcurrentcolumn=\count321
\pgf@matrix@numberofcolumns=\count322
)
\tikz@expandcount=\count323
 (c:/texlive/2022/texmf-dist/tex/generic/pgf/frontendlayer/tikz/libraries/tikzlibrarytopaths.code.tex
File: tikzlibrarytopaths.code.tex 2021/05/15 v3.1.9a (3.1.9a)
))) (c:/texlive/2022/texmf-dist/tex/generic/pgf/frontendlayer/tikz/libraries/tikzlibrarypositioning.code.tex
File: tikzlibrarypositioning.code.tex 2021/05/15 v3.1.9a (3.1.9a)
) (c:/texlive/2022/texmf-dist/tex/latex/tools/calc.sty
Package: calc 2017/05/25 v4.3 Infix arithmetic (KKT,FJ)
\calc@Acount=\count324
\calc@Bcount=\count325
\calc@Adimen=\dimen299
\calc@Bdimen=\dimen300
\calc@Askip=\skip120
\calc@Bskip=\skip121
LaTeX Info: Redefining \setlength on input line 80.
LaTeX Info: Redefining \addtolength on input line 81.
\calc@Ccount=\count326
\calc@Cskip=\skip122
)
\c@@todonotes@numberoftodonotes=\count327
) (c:/texlive/2022/texmf-dist/tex/latex/natbib/natbib.sty
Package: natbib 2010/09/13 8.31b (PWD, AO)
\bibhang=\skip123
\bibsep=\skip124
LaTeX Info: Redefining \cite on input line 694.
\c@NAT@ctr=\count328

Local config file natbib.cfg used
(./natbib.cfg)) (c:/texlive/2022/texmf-dist/tex/latex/pdfpages/pdfpages.sty
Package: pdfpages 2022/10/09 v0.5w Insert pages of external PDF documents (AM)
 (c:/texlive/2022/texmf-dist/tex/latex/eso-pic/eso-pic.sty
Package: eso-pic 2020/10/14 v3.0a eso-pic (RN)
\ESO@tempdima=\dimen301
\ESO@tempdimb=\dimen302
)
\AM@pagewidth=\dimen303
\AM@pageheight=\dimen304
\AM@fboxrule=\dimen305
 (c:/texlive/2022/texmf-dist/tex/latex/pdfpages/pppdftex.def
File: pppdftex.def 2022/10/09 v0.5w Pdfpages driver for pdfTeX (AM)
)
\pdfpages@includegraphics@status=\count329
\AM@pagebox=\box77
\AM@global@opts=\toks46
\AM@pagecnt=\count330
\AM@toc@title=\toks47
\c@AM@survey=\count331
\AM@templatesizebox=\box78
) (c:/texlive/2022/texmf-dist/tex/latex/hyperref/hyperref.sty
Package: hyperref 2022-09-22 v7.00t Hypertext links for LaTeX
 (c:/texlive/2022/texmf-dist/tex/generic/ltxcmds/ltxcmds.sty
Package: ltxcmds 2020-05-10 v1.25 LaTeX kernel commands for general use (HO)
) (c:/texlive/2022/texmf-dist/tex/generic/pdftexcmds/pdftexcmds.sty
Package: pdftexcmds 2020-06-27 v0.33 Utility functions of pdfTeX for LuaTeX (HO)
 (c:/texlive/2022/texmf-dist/tex/generic/infwarerr/infwarerr.sty
Package: infwarerr 2019/12/03 v1.5 Providing info/warning/error messages (HO)
)
Package pdftexcmds Info: \pdf@primitive is available.
Package pdftexcmds Info: \pdf@ifprimitive is available.
Package pdftexcmds Info: \pdfdraftmode found.
) (c:/texlive/2022/texmf-dist/tex/latex/kvsetkeys/kvsetkeys.sty
Package: kvsetkeys 2022-10-05 v1.19 Key value parser (HO)
) (c:/texlive/2022/texmf-dist/tex/generic/kvdefinekeys/kvdefinekeys.sty
Package: kvdefinekeys 2019-12-19 v1.6 Define keys (HO)
) (c:/texlive/2022/texmf-dist/tex/generic/pdfescape/pdfescape.sty
Package: pdfescape 2019/12/09 v1.15 Implements pdfTeX's escape features (HO)
) (c:/texlive/2022/texmf-dist/tex/latex/hycolor/hycolor.sty
Package: hycolor 2020-01-27 v1.10 Color options for hyperref/bookmark (HO)
) (c:/texlive/2022/texmf-dist/tex/latex/letltxmacro/letltxmacro.sty
Package: letltxmacro 2019/12/03 v1.6 Let assignment for LaTeX macros (HO)
) (c:/texlive/2022/texmf-dist/tex/latex/auxhook/auxhook.sty
Package: auxhook 2019-12-17 v1.6 Hooks for auxiliary files (HO)
) (c:/texlive/2022/texmf-dist/tex/latex/hyperref/nameref.sty
Package: nameref 2022-05-17 v2.50 Cross-referencing by name of section
 (c:/texlive/2022/texmf-dist/tex/latex/refcount/refcount.sty
Package: refcount 2019/12/15 v3.6 Data extraction from label references (HO)
) (c:/texlive/2022/texmf-dist/tex/generic/gettitlestring/gettitlestring.sty
Package: gettitlestring 2019/12/15 v1.6 Cleanup title references (HO)
 (c:/texlive/2022/texmf-dist/tex/latex/kvoptions/kvoptions.sty
Package: kvoptions 2022-06-15 v3.15 Key value format for package options (HO)
))
\c@section@level=\count332
)
\@linkdim=\dimen306
\Hy@linkcounter=\count333
\Hy@pagecounter=\count334
 (c:/texlive/2022/texmf-dist/tex/latex/hyperref/pd1enc.def
File: pd1enc.def 2022-09-22 v7.00t Hyperref: PDFDocEncoding definition (HO)
Now handling font encoding PD1 ...
... no UTF-8 mapping file for font encoding PD1
) (c:/texlive/2022/texmf-dist/tex/generic/intcalc/intcalc.sty
Package: intcalc 2019/12/15 v1.3 Expandable calculations with integers (HO)
) (c:/texlive/2022/texmf-dist/tex/generic/etexcmds/etexcmds.sty
Package: etexcmds 2019/12/15 v1.7 Avoid name clashes with e-TeX commands (HO)
)
\Hy@SavedSpaceFactor=\count335
 (c:/texlive/2022/texmf-dist/tex/latex/hyperref/puenc.def
File: puenc.def 2022-09-22 v7.00t Hyperref: PDF Unicode definition (HO)
Now handling font encoding PU ...
... no UTF-8 mapping file for font encoding PU
)
Package hyperref Info: Option `bookmarks' set `true' on input line 4045.
Package hyperref Info: Option `bookmarksnumbered' set `true' on input line 4045.
Package hyperref Info: Option `bookmarksopen' set `true' on input line 4045.
Package hyperref Info: Option `colorlinks' set `true' on input line 4045.
Package hyperref Info: Option `plainpages' set `false' on input line 4045.
Package hyperref Info: Option `pdfpagelabels' set `true' on input line 4045.
Package hyperref Info: Option `hypertexnames' set `false' on input line 4045.
Package hyperref Info: Hyper figures OFF on input line 4162.
Package hyperref Info: Link nesting OFF on input line 4167.
Package hyperref Info: Hyper index ON on input line 4170.
Package hyperref Info: Plain pages OFF on input line 4177.
Package hyperref Info: Backreferencing OFF on input line 4182.
Package hyperref Info: Implicit mode ON; LaTeX internals redefined.
Package hyperref Info: Bookmarks ON on input line 4410.
\c@Hy@tempcnt=\count336
LaTeX Info: Redefining \url on input line 4748.
\XeTeXLinkMargin=\dimen307
 (c:/texlive/2022/texmf-dist/tex/generic/bitset/bitset.sty
Package: bitset 2019/12/09 v1.3 Handle bit-vector datatype (HO)
 (c:/texlive/2022/texmf-dist/tex/generic/bigintcalc/bigintcalc.sty
Package: bigintcalc 2019/12/15 v1.5 Expandable calculations on big integers (HO)
))
\Fld@menulength=\count337
\Field@Width=\dimen308
\Fld@charsize=\dimen309
Package hyperref Info: Hyper figures OFF on input line 6027.
Package hyperref Info: Link nesting OFF on input line 6032.
Package hyperref Info: Hyper index ON on input line 6035.
Package hyperref Info: backreferencing OFF on input line 6042.
Package hyperref Info: Link coloring ON on input line 6045.
Package hyperref Info: Link coloring with OCG OFF on input line 6052.
Package hyperref Info: PDF/A mode OFF on input line 6057.
 (c:/texlive/2022/texmf-dist/tex/latex/base/atbegshi-ltx.sty
Package: atbegshi-ltx 2021/01/10 v1.0c Emulation of the original atbegshi
package with kernel methods
)
\Hy@abspage=\count338
\c@Item=\count339
\c@Hfootnote=\count340
)
Package hyperref Info: Driver: hpdftex.
 (c:/texlive/2022/texmf-dist/tex/latex/hyperref/hpdftex.def
File: hpdftex.def 2022-09-22 v7.00t Hyperref driver for pdfTeX
 (c:/texlive/2022/texmf-dist/tex/latex/base/atveryend-ltx.sty
Package: atveryend-ltx 2020/08/19 v1.0a Emulation of the original atveryend package
with kernel methods
)
\Fld@listcount=\count341
\c@bookmark@seq@number=\count342
 (c:/texlive/2022/texmf-dist/tex/latex/rerunfilecheck/rerunfilecheck.sty
Package: rerunfilecheck 2022-07-10 v1.10 Rerun checks for auxiliary files (HO)
 (c:/texlive/2022/texmf-dist/tex/generic/uniquecounter/uniquecounter.sty
Package: uniquecounter 2019/12/15 v1.4 Provide unlimited unique counter (HO)
)
Package uniquecounter Info: New unique counter `rerunfilecheck' on input line 285.
)
\Hy@SectionHShift=\skip125
)

Package hyperref Warning: Token not allowed in a PDF string (Unicode):
(hyperref)                removing `\\' on input line 103.


Package hyperref Warning: Token not allowed in a PDF string (Unicode):
(hyperref)                removing `\\' on input line 103.


Package hyperref Warning: Token not allowed in a PDF string (Unicode):
(hyperref)                removing `\\' on input line 103.


Package hyperref Warning: Token not allowed in a PDF string (Unicode):
(hyperref)                removing `\\' on input line 103.


Package hyperref Warning: Token not allowed in a PDF string (Unicode):
(hyperref)                removing `\\' on input line 103.


Package hyperref Warning: Token not allowed in a PDF string (Unicode):
(hyperref)                removing `\\' on input line 103.

(c:/texlive/2022/texmf-dist/tex/latex/listings/listings.sty
\lst@mode=\count343
\lst@gtempboxa=\box79
\lst@token=\toks48
\lst@length=\count344
\lst@currlwidth=\dimen310
\lst@column=\count345
\lst@pos=\count346
\lst@lostspace=\dimen311
\lst@width=\dimen312
\lst@newlines=\count347
\lst@lineno=\count348
\lst@maxwidth=\dimen313
 (c:/texlive/2022/texmf-dist/tex/latex/listings/lstmisc.sty
File: lstmisc.sty 2020/03/24 1.8d (Carsten Heinz)
\c@lstnumber=\count349
\lst@skipnumbers=\count350
\lst@framebox=\box80
) (c:/texlive/2022/texmf-dist/tex/latex/listings/listings.cfg
File: listings.cfg 2020/03/24 1.8d listings configuration
))
Package: listings 2020/03/24 1.8d (Carsten Heinz)
 (c:/texlive/2022/texmf-dist/tex/latex/xpatch/xpatch.sty (c:/texlive/2022/texmf-dist/tex/latex/l3kernel/expl3.sty
Package: expl3 2022-11-02 L3 programming layer (loader) 
 (c:/texlive/2022/texmf-dist/tex/latex/l3backend/l3backend-pdftex.def
File: l3backend-pdftex.def 2022-10-26 L3 backend support: PDF output (pdfTeX)
\l__color_backend_stack_int=\count351
\l__pdf_internal_box=\box81
))
Package: xpatch 2020/03/25 v0.3a Extending etoolbox patching commands
 (c:/texlive/2022/texmf-dist/tex/latex/l3packages/xparse/xparse.sty
Package: xparse 2022-06-22 L3 Experimental document command parser
) (c:/texlive/2022/texmf-dist/tex/latex/etoolbox/etoolbox.sty
Package: etoolbox 2020/10/05 v2.5k e-TeX tools for LaTeX (JAW)
\etb@tempcnta=\count352
))) (./Allgemein/Seitenstil.tex (c:/texlive/2022/texmf-dist/tex/latex/koma-script/scrlayer-scrpage.sty
Package: scrlayer-scrpage 2022/10/12 v3.38 KOMA-Script package (end user interface for scrlayer)
 (c:/texlive/2022/texmf-dist/tex/latex/koma-script/scrlayer.sty
Package: scrlayer 2022/10/12 v3.38 KOMA-Script package (defining layers and page styles)
Package scrlayer Info: patching LaTeX kernel macro \pagestyle on input line 2176.
)
Package scrlayer-scrpage Info: Makeing stand-alone element `pagehead' from
(scrlayer-scrpage)             alias to `pageheadfoot' on input line 1089.
)
1: subsection
1: section
1: section
1: subsection

Package scrlayer-scrpage Warning: replacing deprecated \clearscrheadfoot by
(scrlayer-scrpage)                \clearpairofpagestyles on input line 17.

) (./Allgemein/Befehle.tex
\myx=\skip126
\myy=\skip127
) (./Befehle.tex)
LaTeX Font Info:    Trying to load font information for T1+lmr on input line 29.
 (c:/texlive/2022/texmf-dist/tex/latex/lm/t1lmr.fd
File: t1lmr.fd 2015/05/01 v1.6.1 Font defs for Latin Modern
) (./Projektdokumentation.aux

LaTeX Warning: Label `app:Sequenzdiagramm' multiply defined.


LaTeX Warning: Label `app:Klassendiagramm' multiply defined.

)
\openout1 = `Projektdokumentation.aux'.

LaTeX Font Info:    Checking defaults for OML/cmm/m/it on input line 29.
LaTeX Font Info:    ... okay on input line 29.
LaTeX Font Info:    Checking defaults for OMS/cmsy/m/n on input line 29.
LaTeX Font Info:    ... okay on input line 29.
LaTeX Font Info:    Checking defaults for OT1/cmr/m/n on input line 29.
LaTeX Font Info:    ... okay on input line 29.
LaTeX Font Info:    Checking defaults for T1/cmr/m/n on input line 29.
LaTeX Font Info:    ... okay on input line 29.
LaTeX Font Info:    Checking defaults for TS1/cmr/m/n on input line 29.
LaTeX Font Info:    ... okay on input line 29.
LaTeX Font Info:    Checking defaults for OMX/cmex/m/n on input line 29.
LaTeX Font Info:    ... okay on input line 29.
LaTeX Font Info:    Checking defaults for U/cmr/m/n on input line 29.
LaTeX Font Info:    ... okay on input line 29.
LaTeX Font Info:    Checking defaults for PD1/pdf/m/n on input line 29.
LaTeX Font Info:    ... okay on input line 29.
LaTeX Font Info:    Checking defaults for PU/pdf/m/n on input line 29.
LaTeX Font Info:    ... okay on input line 29.
 (c:/texlive/2022/texmf-dist/tex/context/base/mkii/supp-pdf.mkii
[Loading MPS to PDF converter (version 2006.09.02).]
\scratchcounter=\count353
\scratchdimen=\dimen314
\scratchbox=\box82
\nofMPsegments=\count354
\nofMParguments=\count355
\everyMPshowfont=\toks49
\MPscratchCnt=\count356
\MPscratchDim=\dimen315
\MPnumerator=\count357
\makeMPintoPDFobject=\count358
\everyMPtoPDFconversion=\toks50
) (c:/texlive/2022/texmf-dist/tex/latex/epstopdf-pkg/epstopdf-base.sty
Package: epstopdf-base 2020-01-24 v2.11 Base part for package epstopdf
 (c:/texlive/2022/texmf-dist/tex/latex/grfext/grfext.sty
Package: grfext 2019/12/03 v1.3 Manage graphics extensions (HO)
)
Package epstopdf-base Info: Redefining graphics rule for `.eps' on input line 485.
Package grfext Info: Graphics extension search list:
(grfext)             [.pdf,.png,.jpg,.mps,.jpeg,.jbig2,.jb2,.PDF,.PNG,.JPG,.JPEG,.JBIG2,.JB2,.eps]
(grfext)             \AppendGraphicsExtensions on input line 504.
 (c:/texlive/2022/texmf-dist/tex/latex/latexconfig/epstopdf-sys.cfg
File: epstopdf-sys.cfg 2010/07/13 v1.3 Configuration of (r)epstopdf for TeX Live
))
*geometry* driver: auto-detecting
*geometry* detected driver: pdftex
*geometry* verbose mode - [ preamble ] result:
* driver: pdftex
* paper: a4paper
* layout: <same size as paper>
* layoutoffset:(h,v)=(0.0pt,0.0pt)
* modes: 
* h-part:(L,W,R)=(71.13188pt, 455.24411pt, 71.13188pt)
* v-part:(T,H,B)=(71.13188pt, 674.33032pt, 99.58464pt)
* \paperwidth=597.50787pt
* \paperheight=845.04684pt
* \textwidth=455.24411pt
* \textheight=674.33032pt
* \oddsidemargin=-1.1381pt
* \evensidemargin=-1.1381pt
* \topmargin=-38.53812pt
* \headheight=56.9055pt
* \headsep=20.40001pt
* \topskip=9.51996pt
* \footskip=47.6pt
* \marginparwidth=59.7508pt
* \marginparsep=12.8401pt
* \columnsep=10.0pt
* \skip\footins=10.0pt plus 4.0pt minus 2.0pt
* \hoffset=0.0pt
* \voffset=0.0pt
* \mag=1000
* \@twocolumnfalse
* \@twosidefalse
* \@mparswitchfalse
* \@reversemarginfalse
* (1in=72.27pt=25.4mm, 1cm=28.453pt)

(c:/texlive/2022/texmf-dist/tex/latex/pdflscape/pdflscape.sty
Package: pdflscape 2022-10-27 v0.13 Display of landscape pages in PDF
 (c:/texlive/2022/texmf-dist/tex/latex/pdflscape/pdflscape-nometadata.sty
Package: pdflscape-nometadata 2022-10-28 v0.13 Display of landscape pages in PDF (HO)
Package pdflscape Info: Auto-detected driver: pdftex on input line 81.
))
Package hyperref Info: Link coloring ON on input line 29.
 (./Projektdokumentation.out) (./Projektdokumentation.out)
\@outlinefile=\write4
\openout4 = `Projektdokumentation.out'.

Class scrartcl Info: loading recommended package `bookmark'.
(scrartcl)           Using `bookmark' together with `hyperref' is recommended,
(scrartcl)           because of handling of possible bookmark level gaps.
(scrartcl)           You can avoid loading `bookmark' with KOMA-Script option
(scrartcl)           `bookmarkpackage=false' before \begin{document} and
(scrartcl)           you can avoid this message adding:
(scrartcl)             \usepackage{bookmark}
(scrartcl)           before \begin{document} on input line 29.
 (c:/texlive/2022/texmf-dist/tex/latex/bookmark/bookmark.sty
Package: bookmark 2020-11-06 v1.29 PDF bookmarks (HO)
 (c:/texlive/2022/texmf-dist/tex/latex/bookmark/bkm-pdftex.def
File: bkm-pdftex.def 2020-11-06 v1.29 bookmark driver for pdfTeX (HO)
\BKM@id=\count359
))
\c@lstlisting=\count360
 (./Deckblatt.tex
<Bilder//LogoIHK.pdf, id=7, 450.73643pt x 225.36507pt>
File: Bilder//LogoIHK.pdf Graphic file (type pdf)
<use Bilder//LogoIHK.pdf>
Package pdftex.def Info: Bilder//LogoIHK.pdf  used on input line 5.
(pdftex.def)             Requested size: 90.14568pt x 45.0722pt.
<Bilder//ICAM-logo.png, id=8, 495.8525pt x 250.9375pt>
File: Bilder//ICAM-logo.png Graphic file (type png)
<use Bilder//ICAM-logo.png>
Package pdftex.def Info: Bilder//ICAM-logo.png  used on input line 22.
(pdftex.def)             Requested size: 99.16873pt x 50.1866pt.
LaTeX Font Info:    Trying to load font information for T1+lmss on input line 32.
 (c:/texlive/2022/texmf-dist/tex/latex/lm/t1lmss.fd
File: t1lmss.fd 2015/05/01 v1.6.1 Font defs for Latin Modern
) [1

{c:/texlive/2022/texmf-var/fonts/map/pdftex/updmap/pdftex.map} <./Bilder//LogoIHK.pdf> <./Bilder//ICAM-logo.png>]
LaTeX Font Info:    Trying to load font information for OT1+lmr on input line 44.
 (c:/texlive/2022/texmf-dist/tex/latex/lm/ot1lmr.fd
File: ot1lmr.fd 2015/05/01 v1.6.1 Font defs for Latin Modern
)
LaTeX Font Info:    Trying to load font information for OML+lmm on input line 44.
 (c:/texlive/2022/texmf-dist/tex/latex/lm/omllmm.fd
File: omllmm.fd 2015/05/01 v1.6.1 Font defs for Latin Modern
)
LaTeX Font Info:    Trying to load font information for OMS+lmsy on input line 44.
 (c:/texlive/2022/texmf-dist/tex/latex/lm/omslmsy.fd
File: omslmsy.fd 2015/05/01 v1.6.1 Font defs for Latin Modern
)
LaTeX Font Info:    Trying to load font information for OMX+lmex on input line 44.
 (c:/texlive/2022/texmf-dist/tex/latex/lm/omxlmex.fd
File: omxlmex.fd 2015/05/01 v1.6.1 Font defs for Latin Modern
)
LaTeX Font Info:    External font `lmex10' loaded for size
(Font)              <10.95> on input line 44.
LaTeX Font Info:    External font `lmex10' loaded for size
(Font)              <8> on input line 44.
LaTeX Font Info:    External font `lmex10' loaded for size
(Font)              <6> on input line 44.
LaTeX Font Info:    Trying to load font information for U+msa on input line 44.
 (c:/texlive/2022/texmf-dist/tex/latex/amsfonts/umsa.fd
File: umsa.fd 2013/01/14 v3.01 AMS symbols A
)
LaTeX Font Info:    Trying to load font information for U+msb on input line 44.
 (c:/texlive/2022/texmf-dist/tex/latex/amsfonts/umsb.fd
File: umsb.fd 2013/01/14 v3.01 AMS symbols B
)
File: Bilder//ICAM-logo.png Graphic file (type png)
<use Bilder//ICAM-logo.png>
Package pdftex.def Info: Bilder//ICAM-logo.png  used on input line 44.
(pdftex.def)             Requested size: 99.16873pt x 50.1866pt.


Package scrlayer-scrpage Warning: \headheight to low.
(scrlayer-scrpage)                At least 80.59662pt needed,
(scrlayer-scrpage)                but only 56.9055pt found.
(scrlayer-scrpage)                I'll enlarge \headheight, for further
(scrlayer-scrpage)                processing, but you should do this yourself,
(scrlayer-scrpage)                e.g., setting geometry's option
(scrlayer-scrpage)                `head=80.59662pt'.
(scrlayer-scrpage)                I'll also decrease \topmargin on input line 44.


Overfull \vbox (23.69112pt too high) has occurred while \output is active []

 [2])
<Bilder/Projektantrag_genehmigt.pdf, id=37, 597.50829pt x 845.0471pt>
File: Bilder/Projektantrag_genehmigt.pdf Graphic file (type pdf)
<use Bilder/Projektantrag_genehmigt.pdf>
Package pdftex.def Info: Bilder/Projektantrag_genehmigt.pdf  used on input line 54.
(pdftex.def)             Requested size: 597.50682pt x 845.04504pt.
File: Bilder/Projektantrag_genehmigt.pdf Graphic file (type pdf)
<use Bilder/Projektantrag_genehmigt.pdf>
Package pdftex.def Info: Bilder/Projektantrag_genehmigt.pdf  used on input line 54.
(pdftex.def)             Requested size: 597.50682pt x 845.04504pt.
<Bilder/Projektantrag_genehmigt.pdf, id=40, page=1, 597.50829pt x 845.0471pt>
File: Bilder/Projektantrag_genehmigt.pdf Graphic file (type pdf)
<use Bilder/Projektantrag_genehmigt.pdf, page 1>
Package pdftex.def Info: Bilder/Projektantrag_genehmigt.pdf , page1 used on input line 54.
(pdftex.def)             Requested size: 597.50682pt x 845.04504pt.
File: Bilder/Projektantrag_genehmigt.pdf Graphic file (type pdf)
<use Bilder/Projektantrag_genehmigt.pdf, page 1>
Package pdftex.def Info: Bilder/Projektantrag_genehmigt.pdf , page1 used on input line 54.
(pdftex.def)             Requested size: 597.53416pt x 845.08372pt.
File: Bilder/Projektantrag_genehmigt.pdf Graphic file (type pdf)
<use Bilder/Projektantrag_genehmigt.pdf, page 1>
Package pdftex.def Info: Bilder/Projektantrag_genehmigt.pdf , page1 used on input line 54.
(pdftex.def)             Requested size: 597.53416pt x 845.08372pt.
File: Bilder/Projektantrag_genehmigt.pdf Graphic file (type pdf)
<use Bilder/Projektantrag_genehmigt.pdf, page 1>
Package pdftex.def Info: Bilder/Projektantrag_genehmigt.pdf , page1 used on input line 54.
(pdftex.def)             Requested size: 597.53416pt x 845.08372pt.
File: Bilder/Projektantrag_genehmigt.pdf Graphic file (type pdf)
<use Bilder/Projektantrag_genehmigt.pdf, page 1>
Package pdftex.def Info: Bilder/Projektantrag_genehmigt.pdf , page1 used on input line 54.
(pdftex.def)             Requested size: 597.53416pt x 845.08372pt.
 [3


 <./Bilder/Projektantrag_genehmigt.pdf>]
<Bilder/Projektantrag_genehmigt.pdf, id=61, page=2, 597.50829pt x 845.0471pt>
File: Bilder/Projektantrag_genehmigt.pdf Graphic file (type pdf)
<use Bilder/Projektantrag_genehmigt.pdf, page 2>
Package pdftex.def Info: Bilder/Projektantrag_genehmigt.pdf , page2 used on input line 54.
(pdftex.def)             Requested size: 597.53416pt x 845.08372pt.
File: Bilder/Projektantrag_genehmigt.pdf Graphic file (type pdf)
<use Bilder/Projektantrag_genehmigt.pdf, page 2>
Package pdftex.def Info: Bilder/Projektantrag_genehmigt.pdf , page2 used on input line 54.
(pdftex.def)             Requested size: 597.53416pt x 845.08372pt.
File: Bilder/Projektantrag_genehmigt.pdf Graphic file (type pdf)
<use Bilder/Projektantrag_genehmigt.pdf, page 2>
Package pdftex.def Info: Bilder/Projektantrag_genehmigt.pdf , page2 used on input line 54.
(pdftex.def)             Requested size: 597.53416pt x 845.08372pt.
 [4 <./Bilder/Projektantrag_genehmigt.pdf>]
<Bilder/Projektantrag_genehmigt.pdf, id=67, page=3, 597.50829pt x 845.0471pt>
File: Bilder/Projektantrag_genehmigt.pdf Graphic file (type pdf)
<use Bilder/Projektantrag_genehmigt.pdf, page 3>
Package pdftex.def Info: Bilder/Projektantrag_genehmigt.pdf , page3 used on input line 54.
(pdftex.def)             Requested size: 597.53416pt x 845.08372pt.
File: Bilder/Projektantrag_genehmigt.pdf Graphic file (type pdf)
<use Bilder/Projektantrag_genehmigt.pdf, page 3>
Package pdftex.def Info: Bilder/Projektantrag_genehmigt.pdf , page3 used on input line 54.
(pdftex.def)             Requested size: 597.53416pt x 845.08372pt.
File: Bilder/Projektantrag_genehmigt.pdf Graphic file (type pdf)
<use Bilder/Projektantrag_genehmigt.pdf, page 3>
Package pdftex.def Info: Bilder/Projektantrag_genehmigt.pdf , page3 used on input line 54.
(pdftex.def)             Requested size: 597.53416pt x 845.08372pt.
 [5 <./Bilder/Projektantrag_genehmigt.pdf>]
<Bilder/Projektantrag_genehmigt.pdf, id=78, page=4, 597.50829pt x 845.0471pt>
File: Bilder/Projektantrag_genehmigt.pdf Graphic file (type pdf)
<use Bilder/Projektantrag_genehmigt.pdf, page 4>
Package pdftex.def Info: Bilder/Projektantrag_genehmigt.pdf , page4 used on input line 54.
(pdftex.def)             Requested size: 597.53416pt x 845.08372pt.
File: Bilder/Projektantrag_genehmigt.pdf Graphic file (type pdf)
<use Bilder/Projektantrag_genehmigt.pdf, page 4>
Package pdftex.def Info: Bilder/Projektantrag_genehmigt.pdf , page4 used on input line 54.
(pdftex.def)             Requested size: 597.53416pt x 845.08372pt.
File: Bilder/Projektantrag_genehmigt.pdf Graphic file (type pdf)
<use Bilder/Projektantrag_genehmigt.pdf, page 4>
Package pdftex.def Info: Bilder/Projektantrag_genehmigt.pdf , page4 used on input line 54.
(pdftex.def)             Requested size: 597.53416pt x 845.08372pt.
 [6 <./Bilder/Projektantrag_genehmigt.pdf>]
<Bilder/Projektantrag_genehmigt.pdf, id=84, page=5, 597.50829pt x 845.0471pt>
File: Bilder/Projektantrag_genehmigt.pdf Graphic file (type pdf)
<use Bilder/Projektantrag_genehmigt.pdf, page 5>
Package pdftex.def Info: Bilder/Projektantrag_genehmigt.pdf , page5 used on input line 54.
(pdftex.def)             Requested size: 597.53416pt x 845.08372pt.
File: Bilder/Projektantrag_genehmigt.pdf Graphic file (type pdf)
<use Bilder/Projektantrag_genehmigt.pdf, page 5>
Package pdftex.def Info: Bilder/Projektantrag_genehmigt.pdf , page5 used on input line 54.
(pdftex.def)             Requested size: 597.53416pt x 845.08372pt.
File: Bilder/Projektantrag_genehmigt.pdf Graphic file (type pdf)
<use Bilder/Projektantrag_genehmigt.pdf, page 5>
Package pdftex.def Info: Bilder/Projektantrag_genehmigt.pdf , page5 used on input line 54.
(pdftex.def)             Requested size: 597.53416pt x 845.08372pt.
 [7 <./Bilder/Projektantrag_genehmigt.pdf>]
<Bilder/NachweisUeberDieDurchfuehrung.pdf, id=91, 593.3367pt x 843.39088pt>
File: Bilder/NachweisUeberDieDurchfuehrung.pdf Graphic file (type pdf)
<use Bilder/NachweisUeberDieDurchfuehrung.pdf>
Package pdftex.def Info: Bilder/NachweisUeberDieDurchfuehrung.pdf  used on input line 61.
(pdftex.def)             Requested size: 593.33525pt x 843.38882pt.
File: Bilder/NachweisUeberDieDurchfuehrung.pdf Graphic file (type pdf)
<use Bilder/NachweisUeberDieDurchfuehrung.pdf>
Package pdftex.def Info: Bilder/NachweisUeberDieDurchfuehrung.pdf  used on input line 61.
(pdftex.def)             Requested size: 593.33525pt x 843.38882pt.
<Bilder/NachweisUeberDieDurchfuehrung.pdf, id=94, page=1, 593.3367pt x 843.39088pt>
File: Bilder/NachweisUeberDieDurchfuehrung.pdf Graphic file (type pdf)
<use Bilder/NachweisUeberDieDurchfuehrung.pdf, page 1>
Package pdftex.def Info: Bilder/NachweisUeberDieDurchfuehrung.pdf , page1 used on input line 61.
(pdftex.def)             Requested size: 593.33525pt x 843.38882pt.
File: Bilder/NachweisUeberDieDurchfuehrung.pdf Graphic file (type pdf)
<use Bilder/NachweisUeberDieDurchfuehrung.pdf, page 1>
Package pdftex.def Info: Bilder/NachweisUeberDieDurchfuehrung.pdf , page1 used on input line 61.
(pdftex.def)             Requested size: 594.77477pt x 845.435pt.
File: Bilder/NachweisUeberDieDurchfuehrung.pdf Graphic file (type pdf)
<use Bilder/NachweisUeberDieDurchfuehrung.pdf, page 1>
Package pdftex.def Info: Bilder/NachweisUeberDieDurchfuehrung.pdf , page1 used on input line 61.
(pdftex.def)             Requested size: 594.77477pt x 845.435pt.
File: Bilder/NachweisUeberDieDurchfuehrung.pdf Graphic file (type pdf)
<use Bilder/NachweisUeberDieDurchfuehrung.pdf, page 1>
Package pdftex.def Info: Bilder/NachweisUeberDieDurchfuehrung.pdf , page1 used on input line 61.
(pdftex.def)             Requested size: 594.77477pt x 845.435pt.
File: Bilder/NachweisUeberDieDurchfuehrung.pdf Graphic file (type pdf)
<use Bilder/NachweisUeberDieDurchfuehrung.pdf, page 1>
Package pdftex.def Info: Bilder/NachweisUeberDieDurchfuehrung.pdf , page1 used on input line 61.
(pdftex.def)             Requested size: 594.77477pt x 845.435pt.
 [8


 <./Bilder/NachweisUeberDieDurchfuehrung.pdf, page is rotated 180 degrees>]

pdfTeX warning: pdflatex.exe (file ./Bilder/ErklaerungDesPruefungsteilnehmers.pdf): PDF inclusion: found PDF version <1.6>, but at most version <1.5> allowed
<Bilder/ErklaerungDesPruefungsteilnehmers.pdf, id=104, 597.50829pt x 845.0471pt>
File: Bilder/ErklaerungDesPruefungsteilnehmers.pdf Graphic file (type pdf)
<use Bilder/ErklaerungDesPruefungsteilnehmers.pdf>
Package pdftex.def Info: Bilder/ErklaerungDesPruefungsteilnehmers.pdf  used on input line 68.
(pdftex.def)             Requested size: 597.50682pt x 845.04504pt.


pdfTeX warning: pdflatex.exe (file ./Bilder/ErklaerungDesPruefungsteilnehmers.pdf): PDF inclusion: found PDF version <1.6>, but at most version <1.5> allowed
File: Bilder/ErklaerungDesPruefungsteilnehmers.pdf Graphic file (type pdf)
<use Bilder/ErklaerungDesPruefungsteilnehmers.pdf>
Package pdftex.def Info: Bilder/ErklaerungDesPruefungsteilnehmers.pdf  used on input line 68.
(pdftex.def)             Requested size: 597.50682pt x 845.04504pt.


pdfTeX warning: pdflatex.exe (file ./Bilder/ErklaerungDesPruefungsteilnehmers.pdf): PDF inclusion: found PDF version <1.6>, but at most version <1.5> allowed


pdfTeX warning: pdflatex.exe (file ./Bilder/ErklaerungDesPruefungsteilnehmers.pdf): PDF inclusion: found PDF version <1.6>, but at most version <1.5> allowed
<Bilder/ErklaerungDesPruefungsteilnehmers.pdf, id=107, page=1, 597.50829pt x 845.0471pt>
File: Bilder/ErklaerungDesPruefungsteilnehmers.pdf Graphic file (type pdf)
<use Bilder/ErklaerungDesPruefungsteilnehmers.pdf, page 1>
Package pdftex.def Info: Bilder/ErklaerungDesPruefungsteilnehmers.pdf , page1 used on input line 68.
(pdftex.def)             Requested size: 597.50682pt x 845.04504pt.
File: Bilder/ErklaerungDesPruefungsteilnehmers.pdf Graphic file (type pdf)
<use Bilder/ErklaerungDesPruefungsteilnehmers.pdf, page 1>
Package pdftex.def Info: Bilder/ErklaerungDesPruefungsteilnehmers.pdf , page1 used on input line 68.
(pdftex.def)             Requested size: 597.53416pt x 845.08372pt.
File: Bilder/ErklaerungDesPruefungsteilnehmers.pdf Graphic file (type pdf)
<use Bilder/ErklaerungDesPruefungsteilnehmers.pdf, page 1>
Package pdftex.def Info: Bilder/ErklaerungDesPruefungsteilnehmers.pdf , page1 used on input line 68.
(pdftex.def)             Requested size: 597.53416pt x 845.08372pt.
File: Bilder/ErklaerungDesPruefungsteilnehmers.pdf Graphic file (type pdf)
<use Bilder/ErklaerungDesPruefungsteilnehmers.pdf, page 1>
Package pdftex.def Info: Bilder/ErklaerungDesPruefungsteilnehmers.pdf , page1 used on input line 68.
(pdftex.def)             Requested size: 597.53416pt x 845.08372pt.
File: Bilder/ErklaerungDesPruefungsteilnehmers.pdf Graphic file (type pdf)
<use Bilder/ErklaerungDesPruefungsteilnehmers.pdf, page 1>
Package pdftex.def Info: Bilder/ErklaerungDesPruefungsteilnehmers.pdf , page1 used on input line 68.
(pdftex.def)             Requested size: 597.53416pt x 845.08372pt.
[9


 <./Bilder/ErklaerungDesPruefungsteilnehmers.pdf>] (./Projektdokumentation.toc
File: Bilder//ICAM-logo.png Graphic file (type png)
<use Bilder//ICAM-logo.png>
Package pdftex.def Info: Bilder//ICAM-logo.png  used on input line 34.
(pdftex.def)             Requested size: 99.16873pt x 50.1866pt.
 [1


])
\tf@toc=\write5
\openout5 = `Projektdokumentation.toc'.

File: Bilder//ICAM-logo.png Graphic file (type png)
<use Bilder//ICAM-logo.png>
Package pdftex.def Info: Bilder//ICAM-logo.png  used on input line 77.
(pdftex.def)             Requested size: 99.16873pt x 50.1866pt.
 [2] (./Projektdokumentation.lof)
\tf@lof=\write6
\openout6 = `Projektdokumentation.lof'.

 (./Projektdokumentation.lot)
\tf@lot=\write7
\openout7 = `Projektdokumentation.lot'.



Class scrartcl Warning: \float@listhead detected!
(scrartcl)              Implementation of \float@listhead became
(scrartcl)              deprecated in KOMA-Script v3.01 2008/11/14 and
(scrartcl)              has been replaced by several more flexible
(scrartcl)              features of package `tocbasic`.
(scrartcl)              Maybe implementation of \float@listhead will
(scrartcl)              be removed from KOMA-Script soon.
(scrartcl)              Loading of package `scrhack' may help to
(scrartcl)              avoid this warning, if you are using a
(scrartcl)              a package that still implements the
(scrartcl)              deprecated \float@listhead interface on input line 89.

(./Projektdokumentation.lol)
\tf@lol=\write8
\openout8 = `Projektdokumentation.lol'.

File: Bilder//ICAM-logo.png Graphic file (type png)
<use Bilder//ICAM-logo.png>
Package pdftex.def Info: Bilder//ICAM-logo.png  used on input line 90.
(pdftex.def)             Requested size: 99.16873pt x 50.1866pt.
 [3


] (./Abkuerzungen.tex

LaTeX Warning: Hyper reference `acro:AJAX' on page IV undefined on input line 16.


LaTeX Warning: Hyper reference `acro:AJAX' on page IV undefined on input line 16.


LaTeX Warning: Hyper reference `acro:API' on page IV undefined on input line 17.


LaTeX Warning: Hyper reference `acro:API' on page IV undefined on input line 17.


LaTeX Warning: Hyper reference `acro:bzw' on page IV undefined on input line 19.


LaTeX Warning: Hyper reference `acro:bzw' on page IV undefined on input line 19.


LaTeX Warning: Hyper reference `acro:ca' on page IV undefined on input line 20.


LaTeX Warning: Hyper reference `acro:ca' on page IV undefined on input line 20.


LaTeX Warning: Hyper reference `acro:CSS' on page IV undefined on input line 23.


LaTeX Warning: Hyper reference `acro:CSS' on page IV undefined on input line 23.


LaTeX Warning: Hyper reference `acro:DI' on page IV undefined on input line 24.


LaTeX Warning: Hyper reference `acro:DI' on page IV undefined on input line 24.


LaTeX Warning: Hyper reference `acro:DTO' on page IV undefined on input line 26.


LaTeX Warning: Hyper reference `acro:DTO' on page IV undefined on input line 26.


LaTeX Warning: Hyper reference `acro:etc' on page IV undefined on input line 28.


LaTeX Warning: Hyper reference `acro:etc' on page IV undefined on input line 28.


LaTeX Warning: Hyper reference `acro:ggf' on page IV undefined on input line 29.


LaTeX Warning: Hyper reference `acro:ggf' on page IV undefined on input line 29.


LaTeX Warning: Hyper reference `acro:HTML' on page IV undefined on input line 30.


LaTeX Warning: Hyper reference `acro:HTML' on page IV undefined on input line 30.


LaTeX Warning: Hyper reference `acro:HTTP' on page IV undefined on input line 31.


LaTeX Warning: Hyper reference `acro:HTTP' on page IV undefined on input line 31.


LaTeX Warning: Hyper reference `acro:IDE' on page IV undefined on input line 33.


LaTeX Warning: Hyper reference `acro:IDE' on page IV undefined on input line 33.


LaTeX Warning: Hyper reference `acro:IOC' on page IV undefined on input line 34.


LaTeX Warning: Hyper reference `acro:IOC' on page IV undefined on input line 34.


LaTeX Warning: Hyper reference `acro:JSON' on page IV undefined on input line 35.


LaTeX Warning: Hyper reference `acro:JSON' on page IV undefined on input line 35.


LaTeX Warning: Hyper reference `acro:JS' on page IV undefined on input line 36.


LaTeX Warning: Hyper reference `acro:JS' on page IV undefined on input line 36.


LaTeX Warning: Hyper reference `acro:MVC' on page IV undefined on input line 37.


LaTeX Warning: Hyper reference `acro:MVC' on page IV undefined on input line 37.


LaTeX Warning: Hyper reference `acro:PDF' on page IV undefined on input line 38.


LaTeX Warning: Hyper reference `acro:PDF' on page IV undefined on input line 38.


LaTeX Warning: Hyper reference `acro:ua' on page IV undefined on input line 43.


LaTeX Warning: Hyper reference `acro:ua' on page IV undefined on input line 43.


LaTeX Warning: Hyper reference `acro:XML' on page IV undefined on input line 46.


LaTeX Warning: Hyper reference `acro:XML' on page IV undefined on input line 46.


LaTeX Warning: Hyper reference `acro:zb' on page IV undefined on input line 47.


LaTeX Warning: Hyper reference `acro:zb' on page IV undefined on input line 47.

)
File: Bilder//ICAM-logo.png Graphic file (type png)
<use Bilder//ICAM-logo.png>
Package pdftex.def Info: Bilder//ICAM-logo.png  used on input line 98.
(pdftex.def)             Requested size: 99.16873pt x 50.1866pt.
 [4


] (./Inhalt.tex (./Inhalt/Einleitung.tex
Package acronym Info: Label `acro:Icam' newly defined as it shall be overridden
although it is yet undefined on input line 12.
Package acronym Info: Label `acro:BPMS' newly defined as it shall be overridden
although it is yet undefined on input line 20.
Package acronym Info: Label `acro:CG' newly defined as it shall be overridden
although it is yet undefined on input line 65.
Package acronym Info: Label `acro:VID' newly defined as it shall be overridden
although it is yet undefined on input line 68.

Underfull \hbox (badness 10000) in paragraph at lines 65--80

 []

File: Bilder//ICAM-logo.png Graphic file (type png)
<use Bilder//ICAM-logo.png>
Package pdftex.def Info: Bilder//ICAM-logo.png  used on input line 85.
(pdftex.def)             Requested size: 99.16873pt x 50.1866pt.
[1

]
Package acronym Info: Label `acro:SME' newly defined as it shall be overridden
although it is yet undefined on input line 106.
File: Bilder//ICAM-logo.png Graphic file (type png)
<use Bilder//ICAM-logo.png>
Package pdftex.def Info: Bilder//ICAM-logo.png  used on input line 121.
(pdftex.def)             Requested size: 99.16873pt x 50.1866pt.
 [2]) (./Inhalt/Projektplanung.tex (./Tabellen/ZeitplanungKurz.tex)
Underfull \hbox (badness 10000) in paragraph at lines 40--49

 []

File: Bilder//ICAM-logo.png Graphic file (type png)
<use Bilder//ICAM-logo.png>
Package pdftex.def Info: Bilder//ICAM-logo.png  used on input line 50.
(pdftex.def)             Requested size: 99.16873pt x 50.1866pt.
[3

]) (./Inhalt/Analysephase.tex
Package acronym Info: Label `acro:DBMS' newly defined as it shall be overridden
although it is yet undefined on input line 27.
File: Bilder//ICAM-logo.png Graphic file (type png)
<use Bilder//ICAM-logo.png>
Package pdftex.def Info: Bilder//ICAM-logo.png  used on input line 50.
(pdftex.def)             Requested size: 99.16873pt x 50.1866pt.
 [4

]
LaTeX Font Info:    Trying to load font information for TS1+lmr on input line 69.
 (c:/texlive/2022/texmf-dist/tex/latex/lm/ts1lmr.fd
File: ts1lmr.fd 2015/05/01 v1.6.1 Font defs for Latin Modern
) (./Tabellen/Kostenaufstellung.tex)
Overfull \hbox (24.5592pt too wide) in paragraph at lines 2--77
 [][] 
 []


Underfull \hbox (badness 10000) in paragraph at lines 86--88

 []

File: Bilder//ICAM-logo.png Graphic file (type png)
<use Bilder//ICAM-logo.png>
Package pdftex.def Info: Bilder//ICAM-logo.png  used on input line 88.
(pdftex.def)             Requested size: 99.16873pt x 50.1866pt.
[5] (./Tabellen/Zeitersparnis.tex)
File: Bilder//ICAM-logo.png Graphic file (type png)
<use Bilder//ICAM-logo.png>
Package pdftex.def Info: Bilder//ICAM-logo.png  used on input line 138.
(pdftex.def)             Requested size: 99.16873pt x 50.1866pt.
 [6]
File: Bilder//ICAM-logo.png Graphic file (type png)
<use Bilder//ICAM-logo.png>
Package pdftex.def Info: Bilder//ICAM-logo.png  used on input line 176.
(pdftex.def)             Requested size: 99.16873pt x 50.1866pt.
 [7]) (./Inhalt/Entwurfsphase.tex
Package acronym Info: Label `acro:SPA' newly defined as it shall be overridden
although it is yet undefined on input line 23.

Overfull \hbox (3.96764pt too wide) in paragraph at lines 12--29
\T1/lmr/m/n/10.95 Wie un-ter [][]1.2[][]: [][]Pro-jekt-ziel[][] er-whnt, soll ei-ne We-ban-wen-dung er-stellt wer-den. Aus der IT-Abteilung
 []


Underfull \hbox (badness 10000) in paragraph at lines 36--47

 []

File: Bilder//ICAM-logo.png Graphic file (type png)
<use Bilder//ICAM-logo.png>
Package pdftex.def Info: Bilder//ICAM-logo.png  used on input line 55.
(pdftex.def)             Requested size: 99.16873pt x 50.1866pt.
[8

]
File: Bilder//ICAM-logo.png Graphic file (type png)
<use Bilder//ICAM-logo.png>
Package pdftex.def Info: Bilder//ICAM-logo.png  used on input line 113.
(pdftex.def)             Requested size: 99.16873pt x 50.1866pt.
 [9]

Package hyperref Warning: Suppressing empty link on input line 128.

File: Bilder//ICAM-logo.png Graphic file (type png)
<use Bilder//ICAM-logo.png>
Package pdftex.def Info: Bilder//ICAM-logo.png  used on input line 144.
(pdftex.def)             Requested size: 99.16873pt x 50.1866pt.
[10]
File: Bilder//ICAM-logo.png Graphic file (type png)
<use Bilder//ICAM-logo.png>
Package pdftex.def Info: Bilder//ICAM-logo.png  used on input line 144.
(pdftex.def)             Requested size: 99.16873pt x 50.1866pt.
 [11]) (./Inhalt/Implementierungsphase.tex
LaTeX Font Info:    External font `lmex10' loaded for size
(Font)              <9> on input line 17.
LaTeX Font Info:    External font `lmex10' loaded for size
(Font)              <5> on input line 17.
LaTeX Font Info:    Trying to load font information for T1+lmtt on input line 17.
 (c:/texlive/2022/texmf-dist/tex/latex/lm/t1lmtt.fd
File: t1lmtt.fd 2015/05/01 v1.6.1 Font defs for Latin Modern
)
Underfull \hbox (badness 10000) in paragraph at lines 17--17
  [][][][][]$\T1/lmtt/m/n/9 https : / / learn . microsoft . com / en-[]us / dotnet / core / extensions / dependency-[]injection #
 []


Overfull \hbox (22.38005pt too wide) in paragraph at lines 12--24
\T1/lmr/m/n/10.95 Nach der Re-gis-trie-rung der Diens-te wur-den in der \T1/lmr/m/it/10.95 Pro-gram.cs \T1/lmr/m/n/10.95 ver-schie-de-ne \T1/lmr/m/it/10.95 Midd-le-wa-re\T1/lmr/m/n/10.95 -Anwendungen
 []

File: Bilder//ICAM-logo.png Graphic file (type png)
<use Bilder//ICAM-logo.png>
Package pdftex.def Info: Bilder//ICAM-logo.png  used on input line 54.
(pdftex.def)             Requested size: 99.16873pt x 50.1866pt.
[12

]
Underfull \hbox (badness 10000) in paragraph at lines 86--98

 []

File: Bilder//ICAM-logo.png Graphic file (type png)
<use Bilder//ICAM-logo.png>
Package pdftex.def Info: Bilder//ICAM-logo.png  used on input line 98.
(pdftex.def)             Requested size: 99.16873pt x 50.1866pt.
[13]) (./Inhalt/Abnahmephase.tex) (./Inhalt/Einfuehrungsphase.tex
Package acronym Info: Label `acro:CICD' newly defined as it shall be overridden
although it is yet undefined on input line 12.
) (./Inhalt/Dokumentation.tex) (./Inhalt/Fazit.tex
File: Bilder//ICAM-logo.png Graphic file (type png)
<use Bilder//ICAM-logo.png>
Package pdftex.def Info: Bilder//ICAM-logo.png  used on input line 10.
(pdftex.def)             Requested size: 99.16873pt x 50.1866pt.
 [14] (./Tabellen/Zeitnachher.tex)))
File: Bilder//ICAM-logo.png Graphic file (type png)
<use Bilder//ICAM-logo.png>
Package pdftex.def Info: Bilder//ICAM-logo.png  used on input line 103.
(pdftex.def)             Requested size: 99.16873pt x 50.1866pt.
 [15]
File: Bilder//ICAM-logo.png Graphic file (type png)
<use Bilder//ICAM-logo.png>
Package pdftex.def Info: Bilder//ICAM-logo.png  used on input line 105.
(pdftex.def)             Requested size: 99.16873pt x 50.1866pt.
 [16] (./Anhang.tex (./Tabellen/ZeitplanungKomplett.tex)
File: Bilder//ICAM-logo.png Graphic file (type png)
<use Bilder//ICAM-logo.png>
Package pdftex.def Info: Bilder//ICAM-logo.png  used on input line 6.
(pdftex.def)             Requested size: 99.16873pt x 50.1866pt.
 [1


] (./Anhang/AnhangRessourcen.tex
Overfull \hbox (15.42067pt too wide) in paragraph at lines 18--19
[]\T1/lmr/m/n/10.95 LaTeX Work-shop -- Er-wei-te-rung fr Vi-su-al Stu-dio Co-de zum Edi-ti-ren von LaTeX-Dokumenten 
 []

)
File: Bilder//ICAM-logo.png Graphic file (type png)
<use Bilder//ICAM-logo.png>
Package pdftex.def Info: Bilder//ICAM-logo.png  used on input line 11.
(pdftex.def)             Requested size: 99.16873pt x 50.1866pt.
 [2

]
<Bilder//BreakEvenPoint.png, id=729, 979.86075pt x 351.11176pt>
File: Bilder//BreakEvenPoint.png Graphic file (type png)
<use Bilder//BreakEvenPoint.png>
Package pdftex.def Info: Bilder//BreakEvenPoint.png  used on input line 17.
(pdftex.def)             Requested size: 455.2418pt x 163.12598pt.
 (./Anhang/AnhangLastenheft.tex)
File: Bilder//ICAM-logo.png Graphic file (type png)
<use Bilder//ICAM-logo.png>
Package pdftex.def Info: Bilder//ICAM-logo.png  used on input line 22.
(pdftex.def)             Requested size: 99.16873pt x 50.1866pt.
 [3

 <./Bilder//BreakEvenPoint.png>]
<Bilder//Aktivitaetsdiagramm.png, id=748, 1688.3075pt x 1848.9075pt>
File: Bilder//Aktivitaetsdiagramm.png Graphic file (type png)
<use Bilder//Aktivitaetsdiagramm.png>
Package pdftex.def Info: Bilder//Aktivitaetsdiagramm.png  used on input line 28.
(pdftex.def)             Requested size: 455.23085pt x 498.5346pt.
File: Bilder//ICAM-logo.png Graphic file (type png)
<use Bilder//ICAM-logo.png>
Package pdftex.def Info: Bilder//ICAM-logo.png  used on input line 31.
(pdftex.def)             Requested size: 99.16873pt x 50.1866pt.
 [4

 <./Bilder//Aktivitaetsdiagramm.png>]
<Bilder//UseCaseDiagram.png, id=754, 726.715pt x 483.8075pt>
File: Bilder//UseCaseDiagram.png Graphic file (type png)
<use Bilder//UseCaseDiagram.png>
Package pdftex.def Info: Bilder//UseCaseDiagram.png  used on input line 37.
(pdftex.def)             Requested size: 455.24918pt x 303.08026pt.
File: Bilder//ICAM-logo.png Graphic file (type png)
<use Bilder//ICAM-logo.png>
Package pdftex.def Info: Bilder//ICAM-logo.png  used on input line 40.
(pdftex.def)             Requested size: 99.16873pt x 50.1866pt.
 [5

 <./Bilder//UseCaseDiagram.png>]
<Bilder//Systemkontext.png, id=760, 1206.5075pt x 825.0825pt>
File: Bilder//Systemkontext.png Graphic file (type png)
<use Bilder//Systemkontext.png>
Package pdftex.def Info: Bilder//Systemkontext.png  used on input line 46.
(pdftex.def)             Requested size: 409.71007pt x 280.18442pt.
<Bilder//MVC.png, id=761, 1112.155pt x 564.1075pt>
File: Bilder//MVC.png Graphic file (type png)
<use Bilder//MVC.png>
Package pdftex.def Info: Bilder//MVC.png  used on input line 54.
(pdftex.def)             Requested size: 409.72603pt x 207.8213pt.
File: Bilder//ICAM-logo.png Graphic file (type png)
<use Bilder//ICAM-logo.png>
Package pdftex.def Info: Bilder//ICAM-logo.png  used on input line 57.
(pdftex.def)             Requested size: 99.16873pt x 50.1866pt.
 [6

 <./Bilder//Systemkontext.png> <./Bilder//MVC.png>]
<Bilder/Anhang_A3.pdf, id=768, 1195.0156pt x 845.0471pt>
File: Bilder/Anhang_A3.pdf Graphic file (type pdf)
<use Bilder/Anhang_A3.pdf>
Package pdftex.def Info: Bilder/Anhang_A3.pdf  used on input line 61.
(pdftex.def)             Requested size: 1195.0127pt x 845.04504pt.
File: Bilder/Anhang_A3.pdf Graphic file (type pdf)
<use Bilder/Anhang_A3.pdf>
Package pdftex.def Info: Bilder/Anhang_A3.pdf  used on input line 61.
(pdftex.def)             Requested size: 1195.0127pt x 845.04504pt.
<Bilder/Anhang_A3.pdf, id=771, page=2, 1195.0156pt x 845.0471pt>
File: Bilder/Anhang_A3.pdf Graphic file (type pdf)
<use Bilder/Anhang_A3.pdf, page 2>
Package pdftex.def Info: Bilder/Anhang_A3.pdf , page2 used on input line 61.
(pdftex.def)             Requested size: 1195.0127pt x 845.04504pt.
File: Bilder/Anhang_A3.pdf Graphic file (type pdf)
<use Bilder/Anhang_A3.pdf, page 2>
Package pdftex.def Info: Bilder/Anhang_A3.pdf , page2 used on input line 61.
(pdftex.def)             Requested size: 1195.0127pt x 845.04504pt.
File: Bilder/Anhang_A3.pdf Graphic file (type pdf)
<use Bilder/Anhang_A3.pdf, page 2>
Package pdftex.def Info: Bilder/Anhang_A3.pdf , page2 used on input line 61.
(pdftex.def)             Requested size: 1195.0127pt x 845.04504pt.
File: Bilder/Anhang_A3.pdf Graphic file (type pdf)
<use Bilder/Anhang_A3.pdf, page 2>
Package pdftex.def Info: Bilder/Anhang_A3.pdf , page2 used on input line 61.
(pdftex.def)             Requested size: 1195.0127pt x 845.04504pt.
File: Bilder/Anhang_A3.pdf Graphic file (type pdf)
<use Bilder/Anhang_A3.pdf, page 2>
Package pdftex.def Info: Bilder/Anhang_A3.pdf , page2 used on input line 61.
(pdftex.def)             Requested size: 1195.0127pt x 845.04504pt.
 [7

 <./Bilder/Anhang_A3.pdf>] (./Anhang/AnhangPflichtenheft.tex)
File: Bilder//ICAM-logo.png Graphic file (type png)
<use Bilder//ICAM-logo.png>
Package pdftex.def Info: Bilder//ICAM-logo.png  used on input line 66.
(pdftex.def)             Requested size: 99.16873pt x 50.1866pt.
 [8

]
File: Bilder/Anhang_A3.pdf Graphic file (type pdf)
<use Bilder/Anhang_A3.pdf>
Package pdftex.def Info: Bilder/Anhang_A3.pdf  used on input line 70.
(pdftex.def)             Requested size: 1195.0127pt x 845.04504pt.
File: Bilder/Anhang_A3.pdf Graphic file (type pdf)
<use Bilder/Anhang_A3.pdf>
Package pdftex.def Info: Bilder/Anhang_A3.pdf  used on input line 70.
(pdftex.def)             Requested size: 1195.0127pt x 845.04504pt.
<Bilder/Anhang_A3.pdf, id=843, page=3, 1195.0156pt x 845.0471pt>
File: Bilder/Anhang_A3.pdf Graphic file (type pdf)
<use Bilder/Anhang_A3.pdf, page 3>
Package pdftex.def Info: Bilder/Anhang_A3.pdf , page3 used on input line 70.
(pdftex.def)             Requested size: 1195.0127pt x 845.04504pt.
File: Bilder/Anhang_A3.pdf Graphic file (type pdf)
<use Bilder/Anhang_A3.pdf, page 3>
Package pdftex.def Info: Bilder/Anhang_A3.pdf , page3 used on input line 70.
(pdftex.def)             Requested size: 1195.0127pt x 845.04504pt.
File: Bilder/Anhang_A3.pdf Graphic file (type pdf)
<use Bilder/Anhang_A3.pdf, page 3>
Package pdftex.def Info: Bilder/Anhang_A3.pdf , page3 used on input line 70.
(pdftex.def)             Requested size: 1195.0127pt x 845.04504pt.
File: Bilder/Anhang_A3.pdf Graphic file (type pdf)
<use Bilder/Anhang_A3.pdf, page 3>
Package pdftex.def Info: Bilder/Anhang_A3.pdf , page3 used on input line 70.
(pdftex.def)             Requested size: 1195.0127pt x 845.04504pt.
File: Bilder/Anhang_A3.pdf Graphic file (type pdf)
<use Bilder/Anhang_A3.pdf, page 3>
Package pdftex.def Info: Bilder/Anhang_A3.pdf , page3 used on input line 70.
(pdftex.def)             Requested size: 1195.0127pt x 845.04504pt.
 [9

 <./Bilder/Anhang_A3.pdf>]
<Bilder//XML_Antwort.png, id=863, 603.25375pt x 1185.42876pt>
File: Bilder//XML_Antwort.png Graphic file (type png)
<use Bilder//XML_Antwort.png>
Package pdftex.def Info: Bilder//XML_Antwort.png  used on input line 77.
(pdftex.def)             Requested size: 171.57932pt x 337.16335pt.
<Bilder//XML_Anfrage.png, id=864, 442.65375pt x 543.02875pt>
File: Bilder//XML_Anfrage.png Graphic file (type png)
<use Bilder//XML_Anfrage.png>
Package pdftex.def Info: Bilder//XML_Anfrage.png  used on input line 82.
(pdftex.def)             Requested size: 182.09709pt x 223.38895pt.
File: Bilder//ICAM-logo.png Graphic file (type png)
<use Bilder//ICAM-logo.png>
Package pdftex.def Info: Bilder//ICAM-logo.png  used on input line 85.
(pdftex.def)             Requested size: 99.16873pt x 50.1866pt.
 [10 <./Bilder//XML_Antwort.png> <./Bilder//XML_Anfrage.png>]
Package hyperref Info: bookmark level for unknown lstlisting defaults to 0 on input line 89.
 (./Listings/ResponseModel.cs
non-consecutive:
)
File: Bilder//ICAM-logo.png Graphic file (type png)
<use Bilder//ICAM-logo.png>
Package pdftex.def Info: Bilder//ICAM-logo.png  used on input line 90.
(pdftex.def)             Requested size: 99.16873pt x 50.1866pt.
 [11

] (./Anhang/AnhangEntwuerfe.tex
<Bilder//Mockup.png, id=909, 3856.4075pt x 2172.115pt>
File: Bilder//Mockup.png Graphic file (type png)
<use Bilder//Mockup.png>
Package pdftex.def Info: Bilder//Mockup.png  used on input line 5.
(pdftex.def)             Requested size: 455.21692pt x 256.40015pt.
) (./Listings/Vorgang.cshtml
non-consecutive:
File: Bilder//ICAM-logo.png Graphic file (type png)
<use Bilder//ICAM-logo.png>
Package pdftex.def Info: Bilder//ICAM-logo.png  used on input line 42.
(pdftex.def)             Requested size: 99.16873pt x 50.1866pt.
[12

 <./Bilder//Mockup.png>])
File: Bilder//ICAM-logo.png Graphic file (type png)
<use Bilder//ICAM-logo.png>
Package pdftex.def Info: Bilder//ICAM-logo.png  used on input line 97.
(pdftex.def)             Requested size: 99.16873pt x 50.1866pt.
 [13] (./Anhang/AnhangScreenshots.tex
<Bilder//ReklaTool_UI_Suche_gross.png, id=979, 1541.76pt x 784.1295pt>
File: Bilder//ReklaTool_UI_Suche_gross.png Graphic file (type png)
<use Bilder//ReklaTool_UI_Suche_gross.png>
Package pdftex.def Info: Bilder//ReklaTool_UI_Suche_gross.png  used on input line 5.
(pdftex.def)             Requested size: 432.46619pt x 219.9496pt.
<Bilder//ReklaTool_UI_Vorgaenge.png, id=980, 1541.76pt x 784.1295pt>
File: Bilder//ReklaTool_UI_Vorgaenge.png Graphic file (type png)
<use Bilder//ReklaTool_UI_Vorgaenge.png>
Package pdftex.def Info: Bilder//ReklaTool_UI_Vorgaenge.png  used on input line 11.
(pdftex.def)             Requested size: 432.46619pt x 219.9496pt.
File: Bilder//ICAM-logo.png Graphic file (type png)
<use Bilder//ICAM-logo.png>
Package pdftex.def Info: Bilder//ICAM-logo.png  used on input line 14.
(pdftex.def)             Requested size: 99.16873pt x 50.1866pt.
 [14

 <./Bilder//ReklaTool_UI_Suche_gross.png> <./Bilder//ReklaTool_UI_Vorgaenge.png>]
<Bilder//ReklaTool_UI_Ergebnis.png, id=986, 1541.76pt x 784.1295pt>
File: Bilder//ReklaTool_UI_Ergebnis.png Graphic file (type png)
<use Bilder//ReklaTool_UI_Ergebnis.png>
Package pdftex.def Info: Bilder//ReklaTool_UI_Ergebnis.png  used on input line 17.
(pdftex.def)             Requested size: 432.46619pt x 219.9496pt.
<Bilder//ReklaTool_UI_PDF.png, id=987, 1541.76pt x 784.1295pt>
File: Bilder//ReklaTool_UI_PDF.png Graphic file (type png)
<use Bilder//ReklaTool_UI_PDF.png>
Package pdftex.def Info: Bilder//ReklaTool_UI_PDF.png  used on input line 23.
(pdftex.def)             Requested size: 432.46619pt x 219.9496pt.
File: Bilder//ICAM-logo.png Graphic file (type png)
<use Bilder//ICAM-logo.png>
Package pdftex.def Info: Bilder//ICAM-logo.png  used on input line 26.
(pdftex.def)             Requested size: 99.16873pt x 50.1866pt.
 [15

 <./Bilder//ReklaTool_UI_Ergebnis.png> <./Bilder//ReklaTool_UI_PDF.png>]) (./Anhang/AnhangUebergabeprotokoll.tex
<Bilder/Abnahmeprotokoll.pdf, id=992, 594.05943pt x 844.47496pt>
File: Bilder/Abnahmeprotokoll.pdf Graphic file (type pdf)
<use Bilder/Abnahmeprotokoll.pdf>
Package pdftex.def Info: Bilder/Abnahmeprotokoll.pdf  used on input line 4.
(pdftex.def)             Requested size: 594.05798pt x 844.4729pt.
File: Bilder/Abnahmeprotokoll.pdf Graphic file (type pdf)
<use Bilder/Abnahmeprotokoll.pdf>
Package pdftex.def Info: Bilder/Abnahmeprotokoll.pdf  used on input line 4.
(pdftex.def)             Requested size: 594.05798pt x 844.4729pt.
<Bilder/Abnahmeprotokoll.pdf, id=995, page=2, 595.50484pt x 843.75223pt>
File: Bilder/Abnahmeprotokoll.pdf Graphic file (type pdf)
<use Bilder/Abnahmeprotokoll.pdf, page 2>
Package pdftex.def Info: Bilder/Abnahmeprotokoll.pdf , page2 used on input line 4.
(pdftex.def)             Requested size: 595.50339pt x 843.75017pt.
File: Bilder/Abnahmeprotokoll.pdf Graphic file (type pdf)
<use Bilder/Abnahmeprotokoll.pdf, page 2>
Package pdftex.def Info: Bilder/Abnahmeprotokoll.pdf , page2 used on input line 4.
(pdftex.def)             Requested size: 476.40453pt x 675.0027pt.
File: Bilder/Abnahmeprotokoll.pdf Graphic file (type pdf)
<use Bilder/Abnahmeprotokoll.pdf, page 2>
Package pdftex.def Info: Bilder/Abnahmeprotokoll.pdf , page2 used on input line 4.
(pdftex.def)             Requested size: 476.40453pt x 675.0027pt.
File: Bilder/Abnahmeprotokoll.pdf Graphic file (type pdf)
<use Bilder/Abnahmeprotokoll.pdf, page 2>
Package pdftex.def Info: Bilder/Abnahmeprotokoll.pdf , page2 used on input line 4.
(pdftex.def)             Requested size: 476.40453pt x 675.0027pt.
File: Bilder//ICAM-logo.png Graphic file (type png)
<use Bilder//ICAM-logo.png>
Package pdftex.def Info: Bilder//ICAM-logo.png  used on input line 4.
(pdftex.def)             Requested size: 99.16873pt x 50.1866pt.
File: Bilder/Abnahmeprotokoll.pdf Graphic file (type pdf)
<use Bilder/Abnahmeprotokoll.pdf, page 2>
Package pdftex.def Info: Bilder/Abnahmeprotokoll.pdf , page2 used on input line 4.
(pdftex.def)             Requested size: 476.40453pt x 675.0027pt.
 [16


 <./Bilder/Abnahmeprotokoll.pdf, page is rotated 180 degrees>]) (./Anhang/AnhangEntwicklerDoku.tex (./Listings/Program.cs
non-consecutive:
) (./Listings/Program.cs
non-consecutive:
)
File: Bilder//ICAM-logo.png Graphic file (type png)
<use Bilder//ICAM-logo.png>
Package pdftex.def Info: Bilder//ICAM-logo.png  used on input line 13.
(pdftex.def)             Requested size: 99.16873pt x 50.1866pt.
 [17

] (./Listings/HttpMsgService.cs
non-consecutive:
) (./Listings/HttpMsgService.cs
non-consecutive:
) (./Listings/HttpMsgService.cs
non-consecutive:
) (./Listings/HttpMsgService.cs
non-consecutive:
)
File: Bilder//ICAM-logo.png Graphic file (type png)
<use Bilder//ICAM-logo.png>
Package pdftex.def Info: Bilder//ICAM-logo.png  used on input line 34.
(pdftex.def)             Requested size: 99.16873pt x 50.1866pt.
 [18

] (./Listings/HttpMsgService.cs
non-consecutive:
) (./Listings/HttpMsgService.cs
non-consecutive:
) (./Listings/HttpMsgService.cs
non-consecutive:
) (./Listings/HttpMsgService.cs
non-consecutive:
))
File: Bilder//ICAM-logo.png Graphic file (type png)
<use Bilder//ICAM-logo.png>
Package pdftex.def Info: Bilder//ICAM-logo.png  used on input line 103.
(pdftex.def)             Requested size: 99.16873pt x 50.1866pt.
 [19

] (./Anhang/AnhangBenutzerDoku.tex
<Bilder//BenutzerDoku.png, id=1103, 2570.60374pt x 1307.88625pt>
File: Bilder//BenutzerDoku.png Graphic file (type png)
<use Bilder//BenutzerDoku.png>
Package pdftex.def Info: Bilder//BenutzerDoku.png  used on input line 5.
(pdftex.def)             Requested size: 455.23611pt x 231.61758pt.
))
File: Bilder//ICAM-logo.png Graphic file (type png)
<use Bilder//ICAM-logo.png>
Package pdftex.def Info: Bilder//ICAM-logo.png  used on input line 117.
(pdftex.def)             Requested size: 99.16873pt x 50.1866pt.
 [20

 <./Bilder//BenutzerDoku.png>] (./Projektdokumentation.aux)

LaTeX Warning: There were undefined references.


LaTeX Warning: There were multiply-defined labels.

Package rerunfilecheck Info: File `Projektdokumentation.out' has not changed.
(rerunfilecheck)             Checksum: D41D8CD98F00B204E9800998ECF8427E;0.
 ) 
Here is how much of TeX's memory you used:
 33885 strings out of 474971
 653801 string characters out of 5780121
 1309616 words of memory out of 5000000
 54217 multiletter control sequences out of 15000+600000
 561336 words of font info for 82 fonts, out of 8000000 for 9000
 1141 hyphenation exceptions out of 8191
 108i,25n,112p,10865b,2338s stack positions out of 10000i,1000n,20000p,200000b,200000s
{c:/texlive/2022/texmf-dist/fonts/enc/dvips/lm/lm-ec.enc}{c:/texlive/2022/texmf-dist/fonts/enc/dvips/lm/lm-mathsy.enc}{c:/texlive/2022/texmf-dist/fonts/enc/dvips/lm/lm-mathit.enc}{c:/texlive/2022/texmf-dist/fonts/enc/dvips/lm/lm-ts1.enc}{c:/texlive/2022/texmf-dist/fonts/enc/dvips/lm/lm-rm.enc}<c:/texlive/2022/texmf-dist/fonts/type1/public/lm/lmbx10.pfb><c:/texlive/2022/texmf-dist/fonts/type1/public/lm/lmbx12.pfb><c:/texlive/2022/texmf-dist/fonts/type1/public/lm/lmcsc10.pfb><c:/texlive/2022/texmf-dist/fonts/type1/public/lm/lmmi10.pfb><c:/texlive/2022/texmf-dist/fonts/type1/public/lm/lmr10.pfb><c:/texlive/2022/texmf-dist/fonts/type1/public/lm/lmr12.pfb><c:/texlive/2022/texmf-dist/fonts/type1/public/lm/lmr17.pfb><c:/texlive/2022/texmf-dist/fonts/type1/public/lm/lmr6.pfb><c:/texlive/2022/texmf-dist/fonts/type1/public/lm/lmr8.pfb><c:/texlive/2022/texmf-dist/fonts/type1/public/lm/lmr9.pfb><c:/texlive/2022/texmf-dist/fonts/type1/public/lm/lmri10.pfb><c:/texlive/2022/texmf-dist/fonts/type1/public/lm/lmss9.pfb><c:/texlive/2022/texmf-dist/fonts/type1/public/lm/lmssbx10.pfb><c:/texlive/2022/texmf-dist/fonts/type1/public/lm/lmsy10.pfb><c:/texlive/2022/texmf-dist/fonts/type1/public/lm/lmtt9.pfb><c:/texlive/2022/texmf-dist/fonts/type1/public/txfonts/rtcxss.pfb><c:/texlive/2022/texmf-dist/fonts/type1/urw/helvetic/uhvb8a.pfb><c:/texlive/2022/texmf-dist/fonts/type1/urw/helvetic/uhvr8a.pfb>
Output written on Projektdokumentation.pdf (49 pages, 2455871 bytes).
PDF statistics:
 1494 PDF objects out of 1728 (max. 8388607)
 1310 compressed objects within 14 object streams
 410 named destinations out of 1000 (max. 500000)
 783 words of extra memory for PDF output out of 10000 (max. 10000000)

